This is XeTeX, Version 3.141592653-2.6-0.999995 (TeX Live 2023) (preloaded format=xelatex 2023.10.7)  28 MAY 2026 17:08
entering extended mode
 restricted \write18 enabled.
 %&-line parsing enabled.
**index.tex
(./index.tex
LaTeX2e <2023-06-01> patch level 1
L3 programming layer <2023-08-29>
(/Users/ivan/Library/TinyTeX/texmf-dist/tex/latex/base/book.cls
Document Class: book 2023/05/17 v1.4n Standard LaTeX document class
(/Users/ivan/Library/TinyTeX/texmf-dist/tex/latex/base/bk10.clo
File: bk10.clo 2023/05/17 v1.4n Standard LaTeX file (size option)
)
\c@part=\count181
\c@chapter=\count182
\c@section=\count183
\c@subsection=\count184
\c@subsubsection=\count185
\c@paragraph=\count186
\c@subparagraph=\count187
\c@figure=\count188
\c@table=\count189
\abovecaptionskip=\skip48
\belowcaptionskip=\skip49
\bibindent=\dimen140
) (/Users/ivan/Library/TinyTeX/texmf-dist/tex/latex/amsmath/amsmath.sty
Package: amsmath 2023/05/13 v2.17o AMS math features
\@mathmargin=\skip50
For additional information on amsmath, use the `?' option.
(/Users/ivan/Library/TinyTeX/texmf-dist/tex/latex/amsmath/amstext.sty
Package: amstext 2021/08/26 v2.01 AMS text
(/Users/ivan/Library/TinyTeX/texmf-dist/tex/latex/amsmath/amsgen.sty
File: amsgen.sty 1999/11/30 v2.0 generic functions
\@emptytoks=\toks17
\ex@=\dimen141
)) (/Users/ivan/Library/TinyTeX/texmf-dist/tex/latex/amsmath/amsbsy.sty
Package: amsbsy 1999/11/29 v1.2d Bold Symbols
\pmbraise@=\dimen142
) (/Users/ivan/Library/TinyTeX/texmf-dist/tex/latex/amsmath/amsopn.sty
Package: amsopn 2022/04/08 v2.04 operator names
)
\inf@bad=\count190
LaTeX Info: Redefining \frac on input line 234.
\uproot@=\count191
\leftroot@=\count192
LaTeX Info: Redefining \overline on input line 399.
LaTeX Info: Redefining \colon on input line 410.
\classnum@=\count193
\DOTSCASE@=\count194
LaTeX Info: Redefining \ldots on input line 496.
LaTeX Info: Redefining \dots on input line 499.
LaTeX Info: Redefining \cdots on input line 620.
\Mathstrutbox@=\box51
\strutbox@=\box52
LaTeX Info: Redefining \big on input line 722.
LaTeX Info: Redefining \Big on input line 723.
LaTeX Info: Redefining \bigg on input line 724.
LaTeX Info: Redefining \Bigg on input line 725.
\big@size=\dimen143
LaTeX Font Info:    Redeclaring font encoding OML on input line 743.
LaTeX Font Info:    Redeclaring font encoding OMS on input line 744.
\macc@depth=\count195
LaTeX Info: Redefining \bmod on input line 905.
LaTeX Info: Redefining \pmod on input line 910.
LaTeX Info: Redefining \smash on input line 940.
LaTeX Info: Redefining \relbar on input line 970.
LaTeX Info: Redefining \Relbar on input line 971.
\c@MaxMatrixCols=\count196
\dotsspace@=\muskip16
\c@parentequation=\count197
\dspbrk@lvl=\count198
\tag@help=\toks18
\row@=\count199
\column@=\count266
\maxfields@=\count267
\andhelp@=\toks19
\eqnshift@=\dimen144
\alignsep@=\dimen145
\tagshift@=\dimen146
\tagwidth@=\dimen147
\totwidth@=\dimen148
\lineht@=\dimen149
\@envbody=\toks20
\multlinegap=\skip51
\multlinetaggap=\skip52
\mathdisplay@stack=\toks21
LaTeX Info: Redefining \[ on input line 2953.
LaTeX Info: Redefining \] on input line 2954.
) (/Users/ivan/Library/TinyTeX/texmf-dist/tex/latex/amsfonts/amssymb.sty
Package: amssymb 2013/01/14 v3.01 AMS font symbols
(/Users/ivan/Library/TinyTeX/texmf-dist/tex/latex/amsfonts/amsfonts.sty
Package: amsfonts 2013/01/14 v3.01 Basic AMSFonts support
\symAMSa=\mathgroup4
\symAMSb=\mathgroup5
LaTeX Font Info:    Redeclaring math symbol \hbar on input line 98.
LaTeX Font Info:    Overwriting math alphabet `\mathfrak' in version `bold'
(Font)                  U/euf/m/n --> U/euf/b/n on input line 106.
)) (/Users/ivan/Library/TinyTeX/texmf-dist/tex/latex/lm/lmodern.sty
Package: lmodern 2015/05/01 v1.6.1 Latin Modern Fonts
LaTeX Font Info:    Overwriting symbol font `operators' in version `normal'
(Font)                  OT1/cmr/m/n --> OT1/lmr/m/n on input line 22.
LaTeX Font Info:    Overwriting symbol font `letters' in version `normal'
(Font)                  OML/cmm/m/it --> OML/lmm/m/it on input line 23.
LaTeX Font Info:    Overwriting symbol font `symbols' in version `normal'
(Font)                  OMS/cmsy/m/n --> OMS/lmsy/m/n on input line 24.
LaTeX Font Info:    Overwriting symbol font `largesymbols' in version `normal'
(Font)                  OMX/cmex/m/n --> OMX/lmex/m/n on input line 25.
LaTeX Font Info:    Overwriting symbol font `operators' in version `bold'
(Font)                  OT1/cmr/bx/n --> OT1/lmr/bx/n on input line 26.
LaTeX Font Info:    Overwriting symbol font `letters' in version `bold'
(Font)                  OML/cmm/b/it --> OML/lmm/b/it on input line 27.
LaTeX Font Info:    Overwriting symbol font `symbols' in version `bold'
(Font)                  OMS/cmsy/b/n --> OMS/lmsy/b/n on input line 28.
LaTeX Font Info:    Overwriting symbol font `largesymbols' in version `bold'
(Font)                  OMX/cmex/m/n --> OMX/lmex/m/n on input line 29.
LaTeX Font Info:    Overwriting math alphabet `\mathbf' in version `normal'
(Font)                  OT1/cmr/bx/n --> OT1/lmr/bx/n on input line 31.
LaTeX Font Info:    Overwriting math alphabet `\mathsf' in version `normal'
(Font)                  OT1/cmss/m/n --> OT1/lmss/m/n on input line 32.
LaTeX Font Info:    Overwriting math alphabet `\mathit' in version `normal'
(Font)                  OT1/cmr/m/it --> OT1/lmr/m/it on input line 33.
LaTeX Font Info:    Overwriting math alphabet `\mathtt' in version `normal'
(Font)                  OT1/cmtt/m/n --> OT1/lmtt/m/n on input line 34.
LaTeX Font Info:    Overwriting math alphabet `\mathbf' in version `bold'
(Font)                  OT1/cmr/bx/n --> OT1/lmr/bx/n on input line 35.
LaTeX Font Info:    Overwriting math alphabet `\mathsf' in version `bold'
(Font)                  OT1/cmss/bx/n --> OT1/lmss/bx/n on input line 36.
LaTeX Font Info:    Overwriting math alphabet `\mathit' in version `bold'
(Font)                  OT1/cmr/bx/it --> OT1/lmr/bx/it on input line 37.
LaTeX Font Info:    Overwriting math alphabet `\mathtt' in version `bold'
(Font)                  OT1/cmtt/m/n --> OT1/lmtt/m/n on input line 38.
) (/Users/ivan/Library/TinyTeX/texmf-dist/tex/generic/iftex/iftex.sty
Package: iftex 2022/02/03 v1.0f TeX engine tests
) (/Users/ivan/Library/TinyTeX/texmf-dist/tex/latex/unicode-math/unicode-math.sty (/Users/ivan/Library/TinyTeX/texmf-dist/tex/latex/l3kernel/expl3.sty
Package: expl3 2023-08-29 L3 programming layer (loader) 
(/Users/ivan/Library/TinyTeX/texmf-dist/tex/latex/l3backend/l3backend-xetex.def
File: l3backend-xetex.def 2023-04-19 L3 backend support: XeTeX
\g__graphics_track_int=\count268
\l__pdf_internal_box=\box53
\g__pdf_backend_object_int=\count269
\g__pdf_backend_annotation_int=\count270
\g__pdf_backend_link_int=\count271
))
Package: unicode-math 2023/08/13 v0.8r Unicode maths in XeLaTeX and LuaLaTeX
(/Users/ivan/Library/TinyTeX/texmf-dist/tex/latex/unicode-math/unicode-math-xetex.sty
Package: unicode-math-xetex 2023/08/13 v0.8r Unicode maths in XeLaTeX and LuaLaTeX
(/Users/ivan/Library/TinyTeX/texmf-dist/tex/latex/l3packages/xparse/xparse.sty
Package: xparse 2023-08-29 L3 Experimental document command parser
) (/Users/ivan/Library/TinyTeX/texmf-dist/tex/latex/l3packages/l3keys2e/l3keys2e.sty
Package: l3keys2e 2023-08-29 LaTeX2e option processing using LaTeX3 keys
) (/Users/ivan/Library/TinyTeX/texmf-dist/tex/latex/fontspec/fontspec.sty
Package: fontspec 2022/01/15 v2.8a Font selection for XeLaTeX and LuaLaTeX
(/Users/ivan/Library/TinyTeX/texmf-dist/tex/latex/fontspec/fontspec-xetex.sty
Package: fontspec-xetex 2022/01/15 v2.8a Font selection for XeLaTeX and LuaLaTeX
\l__fontspec_script_int=\count272
\l__fontspec_language_int=\count273
\l__fontspec_strnum_int=\count274
\l__fontspec_tmp_int=\count275
\l__fontspec_tmpa_int=\count276
\l__fontspec_tmpb_int=\count277
\l__fontspec_tmpc_int=\count278
\l__fontspec_em_int=\count279
\l__fontspec_emdef_int=\count280
\l__fontspec_strong_int=\count281
\l__fontspec_strongdef_int=\count282
\l__fontspec_tmpa_dim=\dimen150
\l__fontspec_tmpb_dim=\dimen151
\l__fontspec_tmpc_dim=\dimen152
(/Users/ivan/Library/TinyTeX/texmf-dist/tex/latex/base/fontenc.sty
Package: fontenc 2021/04/29 v2.0v Standard LaTeX package
) (/Users/ivan/Library/TinyTeX/texmf-dist/tex/latex/fontspec/fontspec.cfg))) (/Users/ivan/Library/TinyTeX/texmf-dist/tex/latex/base/fix-cm.sty
Package: fix-cm 2020/11/24 v1.1t fixes to LaTeX
(/Users/ivan/Library/TinyTeX/texmf-dist/tex/latex/base/ts1enc.def
File: ts1enc.def 2001/06/05 v3.0e (jk/car/fm) Standard LaTeX file
LaTeX Font Info:    Redeclaring font encoding TS1 on input line 47.
))
\g__um_fam_int=\count283
\g__um_fonts_used_int=\count284
\l__um_primecount_int=\count285
\g__um_primekern_muskip=\muskip17
(/Users/ivan/Library/TinyTeX/texmf-dist/tex/latex/unicode-math/unicode-math-table.tex)))

Package fontspec Info: Mont scale = 0.7981440875285395.


Package fontspec Info: Mont scale = 0.7981440875285395.


Package fontspec Info: Mont/B scale = 0.7981440875285395.


Package fontspec Info: Mont/I scale = 0.7981440875285395.


Package fontspec Info: Mont/BI scale = 0.7981440875285395.


Package fontspec Info: Font family 'Mont(0)' created for font 'Mont' with
(fontspec)             options [Scale=MatchLowercase,Ligatures=TeX,Scale=1].
(fontspec)              
(fontspec)              This font family consists of the following NFSS
(fontspec)             series/shapes:
(fontspec)              
(fontspec)             - 'normal' (m/n) with NFSS spec.:
(fontspec)             <->s*[1]"Mont/OT:script=latn;language=dflt;mapping=tex-text;"
(fontspec)             - 'small caps'  (m/sc) with NFSS spec.: 
(fontspec)             - 'bold' (b/n) with NFSS spec.:
(fontspec)             <->s*[1]"Mont/B/OT:script=latn;language=dflt;mapping=tex-text;"
(fontspec)             - 'bold small caps'  (b/sc) with NFSS spec.: 
(fontspec)             - 'italic' (m/it) with NFSS spec.:
(fontspec)             <->s*[1]"Mont/I/OT:script=latn;language=dflt;mapping=tex-text;"
(fontspec)             - 'italic small caps'  (m/scit) with NFSS spec.: 
(fontspec)             - 'bold italic' (b/it) with NFSS spec.:
(fontspec)             <->s*[1]"Mont/BI/OT:script=latn;language=dflt;mapping=tex-text;"
(fontspec)             - 'bold italic small caps'  (b/scit) with NFSS spec.: 

LaTeX Font Info:    Font shape `TU/Mont(0)/m/n' will be
(Font)              scaled to size 10.0pt on input line 21.

Package fontspec Info: Mont scale = 0.9999943486221941.


Package fontspec Info: Mont scale = 0.9999943486221941.


Package fontspec Info: Mont/B scale = 0.9999943486221941.


Package fontspec Info: Mont/I scale = 0.9999943486221941.


Package fontspec Info: Mont/BI scale = 0.9999943486221941.


Package fontspec Info: Font family 'Mont(1)' created for font 'Mont' with
(fontspec)             options [Scale=MatchLowercase].
(fontspec)              
(fontspec)              This font family consists of the following NFSS
(fontspec)             series/shapes:
(fontspec)              
(fontspec)             - 'normal' (m/n) with NFSS spec.:
(fontspec)             <->s*[0.9999943486221941]"Mont/OT:script=latn;language=dflt;"
(fontspec)             - 'small caps'  (m/sc) with NFSS spec.: 
(fontspec)             - 'bold' (b/n) with NFSS spec.:
(fontspec)             <->s*[0.9999943486221941]"Mont/B/OT:script=latn;language=dflt;"
(fontspec)             - 'bold small caps'  (b/sc) with NFSS spec.: 
(fontspec)             - 'italic' (m/it) with NFSS spec.:
(fontspec)             <->s*[0.9999943486221941]"Mont/I/OT:script=latn;language=dflt;"
(fontspec)             - 'italic small caps'  (m/scit) with NFSS spec.: 
(fontspec)             - 'bold italic' (b/it) with NFSS spec.:
(fontspec)             <->s*[0.9999943486221941]"Mont/BI/OT:script=latn;language=dflt;"
(fontspec)             - 'bold italic small caps'  (b/scit) with NFSS spec.: 

LaTeX Font Info:    Overwriting math alphabet `\mathrm' in version `normal'
(Font)                  OT1/lmr/m/n --> TU/Mont(1)/m/n on input line 21.
LaTeX Font Info:    Overwriting math alphabet `\mathit' in version `normal'
(Font)                  OT1/lmr/m/it --> TU/Mont(1)/m/it on input line 21.
LaTeX Font Info:    Overwriting math alphabet `\mathbf' in version `normal'
(Font)                  OT1/lmr/bx/n --> TU/Mont(1)/b/n on input line 21.
(/Users/ivan/Library/TinyTeX/texmf-dist/tex/latex/microtype/microtype.sty
Package: microtype 2023/03/13 v3.1a Micro-typographical refinements (RS)
(/Users/ivan/Library/TinyTeX/texmf-dist/tex/latex/graphics/keyval.sty
Package: keyval 2022/05/29 v1.15 key=value parser (DPC)
\KV@toks@=\toks22
) (/Users/ivan/Library/TinyTeX/texmf-dist/tex/latex/etoolbox/etoolbox.sty
Package: etoolbox 2020/10/05 v2.5k e-TeX tools for LaTeX (JAW)
\etb@tempcnta=\count286
)
\MT@toks=\toks23
\MT@tempbox=\box54
\MT@count=\count287
LaTeX Info: Redefining \noprotrusionifhmode on input line 1059.
LaTeX Info: Redefining \leftprotrusion on input line 1060.
\MT@prot@toks=\toks24
LaTeX Info: Redefining \rightprotrusion on input line 1078.
LaTeX Info: Redefining \textls on input line 1368.
\MT@outer@kern=\dimen153
LaTeX Info: Redefining \textmicrotypecontext on input line 1988.
\MT@listname@count=\count288
(/Users/ivan/Library/TinyTeX/texmf-dist/tex/latex/microtype/microtype-xetex.def
File: microtype-xetex.def 2023/03/13 v3.1a Definitions specific to xetex (RS)
LaTeX Info: Redefining \lsstyle on input line 238.
)
Package microtype Info: Loading configuration file microtype.cfg.
(/Users/ivan/Library/TinyTeX/texmf-dist/tex/latex/microtype/microtype.cfg
File: microtype.cfg 2023/03/13 v3.1a microtype main configuration file (RS)
)) (/Users/ivan/Library/TinyTeX/texmf-dist/tex/latex/parskip/parskip.sty
Package: parskip 2021-03-14 v2.0h non-zero parskip adjustments
(/Users/ivan/Library/TinyTeX/texmf-dist/tex/latex/kvoptions/kvoptions.sty
Package: kvoptions 2022-06-15 v3.15 Key value format for package options (HO)
(/Users/ivan/Library/TinyTeX/texmf-dist/tex/generic/ltxcmds/ltxcmds.sty
Package: ltxcmds 2020-05-10 v1.25 LaTeX kernel commands for general use (HO)
) (/Users/ivan/Library/TinyTeX/texmf-dist/tex/latex/kvsetkeys/kvsetkeys.sty
Package: kvsetkeys 2022-10-05 v1.19 Key value parser (HO)
))) (/Users/ivan/Library/TinyTeX/texmf-dist/tex/latex/xcolor/xcolor.sty
Package: xcolor 2022/06/12 v2.14 LaTeX color extensions (UK)
(/Users/ivan/Library/TinyTeX/texmf-dist/tex/latex/graphics-cfg/color.cfg
File: color.cfg 2016/01/02 v1.6 sample color configuration
)
Package xcolor Info: Driver file: xetex.def on input line 227.
(/Users/ivan/Library/TinyTeX/texmf-dist/tex/latex/graphics-def/xetex.def
File: xetex.def 2022/09/22 v5.0n Graphics/color driver for xetex
) (/Users/ivan/Library/TinyTeX/texmf-dist/tex/latex/graphics/mathcolor.ltx)
Package xcolor Info: Model `cmy' substituted by `cmy0' on input line 1353.
Package xcolor Info: Model `RGB' extended on input line 1369.
Package xcolor Info: Model `HTML' substituted by `rgb' on input line 1371.
Package xcolor Info: Model `Hsb' substituted by `hsb' on input line 1372.
Package xcolor Info: Model `tHsb' substituted by `hsb' on input line 1373.
Package xcolor Info: Model `HSB' substituted by `hsb' on input line 1374.
Package xcolor Info: Model `Gray' substituted by `gray' on input line 1375.
Package xcolor Info: Model `wave' substituted by `hsb' on input line 1376.
) (/Users/ivan/Library/TinyTeX/texmf-dist/tex/generic/ulem/ulem.sty
\UL@box=\box55
\UL@hyphenbox=\box56
\UL@skip=\skip53
\UL@hook=\toks25
\UL@height=\dimen154
\UL@pe=\count289
\UL@pixel=\dimen155
\ULC@box=\box57
Package: ulem 2019/11/18
\ULdepth=\dimen156
) (/Users/ivan/Library/TinyTeX/texmf-dist/tex/latex/fancyvrb/fancyvrb.sty
Package: fancyvrb 2023/01/19 4.5a verbatim text (tvz,hv)
\FV@CodeLineNo=\count290
\FV@InFile=\read2
\FV@TabBox=\box58
\c@FancyVerbLine=\count291
\FV@StepNumber=\count292
\FV@OutFile=\write3
) (/Users/ivan/Library/TinyTeX/texmf-dist/tex/latex/framed/framed.sty
Package: framed 2011/10/22 v 0.96: framed or shaded text with page breaks
\OuterFrameSep=\skip54
\fb@frw=\dimen157
\fb@frh=\dimen158
\FrameRule=\dimen159
\FrameSep=\dimen160
) (/Users/ivan/Library/TinyTeX/texmf-dist/tex/latex/tools/longtable.sty
Package: longtable 2021-09-01 v4.17 Multi-page Table package (DPC)
\LTleft=\skip55
\LTright=\skip56
\LTpre=\skip57
\LTpost=\skip58
\LTchunksize=\count293
\LTcapwidth=\dimen161
\LT@head=\box59
\LT@firsthead=\box60
\LT@foot=\box61
\LT@lastfoot=\box62
\LT@gbox=\box63
\LT@cols=\count294
\LT@rows=\count295
\c@LT@tables=\count296
\c@LT@chunks=\count297
\LT@p@ftn=\toks26
) (/Users/ivan/Library/TinyTeX/texmf-dist/tex/latex/booktabs/booktabs.sty
Package: booktabs 2020/01/12 v1.61803398 Publication quality tables
\heavyrulewidth=\dimen162
\lightrulewidth=\dimen163
\cmidrulewidth=\dimen164
\belowrulesep=\dimen165
\belowbottomsep=\dimen166
\aboverulesep=\dimen167
\abovetopsep=\dimen168
\cmidrulesep=\dimen169
\cmidrulekern=\dimen170
\defaultaddspace=\dimen171
\@cmidla=\count298
\@cmidlb=\count299
\@aboverulesep=\dimen172
\@belowrulesep=\dimen173
\@thisruleclass=\count300
\@lastruleclass=\count301
\@thisrulewidth=\dimen174
) (/Users/ivan/Library/TinyTeX/texmf-dist/tex/latex/tools/array.sty
Package: array 2022/09/04 v2.5g Tabular extension package (FMi)
\col@sep=\dimen175
\ar@mcellbox=\box64
\extrarowheight=\dimen176
\NC@list=\toks27
\extratabsurround=\skip59
\backup@length=\skip60
\ar@cellbox=\box65
) (/Users/ivan/Library/TinyTeX/texmf-dist/tex/latex/tools/calc.sty
Package: calc 2017/05/25 v4.3 Infix arithmetic (KKT,FJ)
\calc@Acount=\count302
\calc@Bcount=\count303
\calc@Adimen=\dimen177
\calc@Bdimen=\dimen178
\calc@Askip=\skip61
\calc@Bskip=\skip62
LaTeX Info: Redefining \setlength on input line 80.
LaTeX Info: Redefining \addtolength on input line 81.
\calc@Ccount=\count304
\calc@Cskip=\skip63
) (/Users/ivan/Library/TinyTeX/texmf-dist/tex/latex/mdwtools/footnote.sty
Package: footnote 1997/01/28 1.13 Save footnotes around boxes
\fn@notes=\box66
\fn@width=\dimen179
) (/Users/ivan/Library/TinyTeX/texmf-dist/tex/latex/graphics/graphicx.sty
Package: graphicx 2021/09/16 v1.2d Enhanced LaTeX Graphics (DPC,SPQR)
(/Users/ivan/Library/TinyTeX/texmf-dist/tex/latex/graphics/graphics.sty
Package: graphics 2022/03/10 v1.4e Standard LaTeX Graphics (DPC,SPQR)
(/Users/ivan/Library/TinyTeX/texmf-dist/tex/latex/graphics/trig.sty
Package: trig 2021/08/11 v1.11 sin cos tan (DPC)
) (/Users/ivan/Library/TinyTeX/texmf-dist/tex/latex/graphics-cfg/graphics.cfg
File: graphics.cfg 2016/06/04 v1.11 sample graphics configuration
)
Package graphics Info: Driver file: xetex.def on input line 107.
)
\Gin@req@height=\dimen180
\Gin@req@width=\dimen181
)
\cslhangindent=\skip64
\csllabelwidth=\skip65
\cslentryspacingunit=\skip66
(/Users/ivan/Library/TinyTeX/texmf-dist/tex/latex/tcolorbox/tcolorbox.sty
Package: tcolorbox 2023/09/26 version 6.1.0 text color boxes
(/Users/ivan/Library/TinyTeX/texmf-dist/tex/latex/pgf/basiclayer/pgf.sty (/Users/ivan/Library/TinyTeX/texmf-dist/tex/latex/pgf/utilities/pgfrcs.sty (/Users/ivan/Library/TinyTeX/texmf-dist/tex/generic/pgf/utilities/pgfutil-common.tex
\pgfutil@everybye=\toks28
\pgfutil@tempdima=\dimen182
\pgfutil@tempdimb=\dimen183
) (/Users/ivan/Library/TinyTeX/texmf-dist/tex/generic/pgf/utilities/pgfutil-latex.def
\pgfutil@abb=\box67
) (/Users/ivan/Library/TinyTeX/texmf-dist/tex/generic/pgf/utilities/pgfrcs.code.tex (/Users/ivan/Library/TinyTeX/texmf-dist/tex/generic/pgf/pgf.revision.tex)
Package: pgfrcs 2023-01-15 v3.1.10 (3.1.10)
))
Package: pgf 2023-01-15 v3.1.10 (3.1.10)
(/Users/ivan/Library/TinyTeX/texmf-dist/tex/latex/pgf/basiclayer/pgfcore.sty (/Users/ivan/Library/TinyTeX/texmf-dist/tex/latex/pgf/systemlayer/pgfsys.sty (/Users/ivan/Library/TinyTeX/texmf-dist/tex/generic/pgf/systemlayer/pgfsys.code.tex
Package: pgfsys 2023-01-15 v3.1.10 (3.1.10)
(/Users/ivan/Library/TinyTeX/texmf-dist/tex/generic/pgf/utilities/pgfkeys.code.tex
\pgfkeys@pathtoks=\toks29
\pgfkeys@temptoks=\toks30
(/Users/ivan/Library/TinyTeX/texmf-dist/tex/generic/pgf/utilities/pgfkeyslibraryfiltered.code.tex
\pgfkeys@tmptoks=\toks31
))
\pgf@x=\dimen184
\pgf@y=\dimen185
\pgf@xa=\dimen186
\pgf@ya=\dimen187
\pgf@xb=\dimen188
\pgf@yb=\dimen189
\pgf@xc=\dimen190
\pgf@yc=\dimen191
\pgf@xd=\dimen192
\pgf@yd=\dimen193
\w@pgf@writea=\write4
\r@pgf@reada=\read3
\c@pgf@counta=\count305
\c@pgf@countb=\count306
\c@pgf@countc=\count307
\c@pgf@countd=\count308
\t@pgf@toka=\toks32
\t@pgf@tokb=\toks33
\t@pgf@tokc=\toks34
\pgf@sys@id@count=\count309
(/Users/ivan/Library/TinyTeX/texmf-dist/tex/generic/pgf/systemlayer/pgf.cfg
File: pgf.cfg 2023-01-15 v3.1.10 (3.1.10)
)
Driver file for pgf: pgfsys-xetex.def
(/Users/ivan/Library/TinyTeX/texmf-dist/tex/generic/pgf/systemlayer/pgfsys-xetex.def
File: pgfsys-xetex.def 2023-01-15 v3.1.10 (3.1.10)
(/Users/ivan/Library/TinyTeX/texmf-dist/tex/generic/pgf/systemlayer/pgfsys-dvipdfmx.def
File: pgfsys-dvipdfmx.def 2023-01-15 v3.1.10 (3.1.10)
(/Users/ivan/Library/TinyTeX/texmf-dist/tex/generic/pgf/systemlayer/pgfsys-common-pdf.def
File: pgfsys-common-pdf.def 2023-01-15 v3.1.10 (3.1.10)
)
\pgfsys@objnum=\count310
))) (/Users/ivan/Library/TinyTeX/texmf-dist/tex/generic/pgf/systemlayer/pgfsyssoftpath.code.tex
File: pgfsyssoftpath.code.tex 2023-01-15 v3.1.10 (3.1.10)
\pgfsyssoftpath@smallbuffer@items=\count311
\pgfsyssoftpath@bigbuffer@items=\count312
) (/Users/ivan/Library/TinyTeX/texmf-dist/tex/generic/pgf/systemlayer/pgfsysprotocol.code.tex
File: pgfsysprotocol.code.tex 2023-01-15 v3.1.10 (3.1.10)
)) (/Users/ivan/Library/TinyTeX/texmf-dist/tex/generic/pgf/basiclayer/pgfcore.code.tex
Package: pgfcore 2023-01-15 v3.1.10 (3.1.10)
(/Users/ivan/Library/TinyTeX/texmf-dist/tex/generic/pgf/math/pgfmath.code.tex (/Users/ivan/Library/TinyTeX/texmf-dist/tex/generic/pgf/math/pgfmathutil.code.tex) (/Users/ivan/Library/TinyTeX/texmf-dist/tex/generic/pgf/math/pgfmathparser.code.tex
\pgfmath@dimen=\dimen194
\pgfmath@count=\count313
\pgfmath@box=\box68
\pgfmath@toks=\toks35
\pgfmath@stack@operand=\toks36
\pgfmath@stack@operation=\toks37
) (/Users/ivan/Library/TinyTeX/texmf-dist/tex/generic/pgf/math/pgfmathfunctions.code.tex) (/Users/ivan/Library/TinyTeX/texmf-dist/tex/generic/pgf/math/pgfmathfunctions.basic.code.tex) (/Users/ivan/Library/TinyTeX/texmf-dist/tex/generic/pgf/math/pgfmathfunctions.trigonometric.code.tex) (/Users/ivan/Library/TinyTeX/texmf-dist/tex/generic/pgf/math/pgfmathfunctions.random.code.tex) (/Users/ivan/Library/TinyTeX/texmf-dist/tex/generic/pgf/math/pgfmathfunctions.comparison.code.tex) (/Users/ivan/Library/TinyTeX/texmf-dist/tex/generic/pgf/math/pgfmathfunctions.base.code.tex) (/Users/ivan/Library/TinyTeX/texmf-dist/tex/generic/pgf/math/pgfmathfunctions.round.code.tex) (/Users/ivan/Library/TinyTeX/texmf-dist/tex/generic/pgf/math/pgfmathfunctions.misc.code.tex) (/Users/ivan/Library/TinyTeX/texmf-dist/tex/generic/pgf/math/pgfmathfunctions.integerarithmetics.code.tex) (/Users/ivan/Library/TinyTeX/texmf-dist/tex/generic/pgf/math/pgfmathcalc.code.tex) (/Users/ivan/Library/TinyTeX/texmf-dist/tex/generic/pgf/math/pgfmathfloat.code.tex
\c@pgfmathroundto@lastzeros=\count314
)) (/Users/ivan/Library/TinyTeX/texmf-dist/tex/generic/pgf/math/pgfint.code.tex) (/Users/ivan/Library/TinyTeX/texmf-dist/tex/generic/pgf/basiclayer/pgfcorepoints.code.tex
File: pgfcorepoints.code.tex 2023-01-15 v3.1.10 (3.1.10)
\pgf@picminx=\dimen195
\pgf@picmaxx=\dimen196
\pgf@picminy=\dimen197
\pgf@picmaxy=\dimen198
\pgf@pathminx=\dimen199
\pgf@pathmaxx=\dimen256
\pgf@pathminy=\dimen257
\pgf@pathmaxy=\dimen258
\pgf@xx=\dimen259
\pgf@xy=\dimen260
\pgf@yx=\dimen261
\pgf@yy=\dimen262
\pgf@zx=\dimen263
\pgf@zy=\dimen264
) (/Users/ivan/Library/TinyTeX/texmf-dist/tex/generic/pgf/basiclayer/pgfcorepathconstruct.code.tex
File: pgfcorepathconstruct.code.tex 2023-01-15 v3.1.10 (3.1.10)
\pgf@path@lastx=\dimen265
\pgf@path@lasty=\dimen266
) (/Users/ivan/Library/TinyTeX/texmf-dist/tex/generic/pgf/basiclayer/pgfcorepathusage.code.tex
File: pgfcorepathusage.code.tex 2023-01-15 v3.1.10 (3.1.10)
\pgf@shorten@end@additional=\dimen267
\pgf@shorten@start@additional=\dimen268
) (/Users/ivan/Library/TinyTeX/texmf-dist/tex/generic/pgf/basiclayer/pgfcorescopes.code.tex
File: pgfcorescopes.code.tex 2023-01-15 v3.1.10 (3.1.10)
\pgfpic=\box69
\pgf@hbox=\box70
\pgf@layerbox@main=\box71
\pgf@picture@serial@count=\count315
) (/Users/ivan/Library/TinyTeX/texmf-dist/tex/generic/pgf/basiclayer/pgfcoregraphicstate.code.tex
File: pgfcoregraphicstate.code.tex 2023-01-15 v3.1.10 (3.1.10)
\pgflinewidth=\dimen269
) (/Users/ivan/Library/TinyTeX/texmf-dist/tex/generic/pgf/basiclayer/pgfcoretransformations.code.tex
File: pgfcoretransformations.code.tex 2023-01-15 v3.1.10 (3.1.10)
\pgf@pt@x=\dimen270
\pgf@pt@y=\dimen271
\pgf@pt@temp=\dimen272
) (/Users/ivan/Library/TinyTeX/texmf-dist/tex/generic/pgf/basiclayer/pgfcorequick.code.tex
File: pgfcorequick.code.tex 2023-01-15 v3.1.10 (3.1.10)
) (/Users/ivan/Library/TinyTeX/texmf-dist/tex/generic/pgf/basiclayer/pgfcoreobjects.code.tex
File: pgfcoreobjects.code.tex 2023-01-15 v3.1.10 (3.1.10)
) (/Users/ivan/Library/TinyTeX/texmf-dist/tex/generic/pgf/basiclayer/pgfcorepathprocessing.code.tex
File: pgfcorepathprocessing.code.tex 2023-01-15 v3.1.10 (3.1.10)
) (/Users/ivan/Library/TinyTeX/texmf-dist/tex/generic/pgf/basiclayer/pgfcorearrows.code.tex
File: pgfcorearrows.code.tex 2023-01-15 v3.1.10 (3.1.10)
\pgfarrowsep=\dimen273
) (/Users/ivan/Library/TinyTeX/texmf-dist/tex/generic/pgf/basiclayer/pgfcoreshade.code.tex
File: pgfcoreshade.code.tex 2023-01-15 v3.1.10 (3.1.10)
\pgf@max=\dimen274
\pgf@sys@shading@range@num=\count316
\pgf@shadingcount=\count317
) (/Users/ivan/Library/TinyTeX/texmf-dist/tex/generic/pgf/basiclayer/pgfcoreimage.code.tex
File: pgfcoreimage.code.tex 2023-01-15 v3.1.10 (3.1.10)
) (/Users/ivan/Library/TinyTeX/texmf-dist/tex/generic/pgf/basiclayer/pgfcoreexternal.code.tex
File: pgfcoreexternal.code.tex 2023-01-15 v3.1.10 (3.1.10)
\pgfexternal@startupbox=\box72
) (/Users/ivan/Library/TinyTeX/texmf-dist/tex/generic/pgf/basiclayer/pgfcorelayers.code.tex
File: pgfcorelayers.code.tex 2023-01-15 v3.1.10 (3.1.10)
) (/Users/ivan/Library/TinyTeX/texmf-dist/tex/generic/pgf/basiclayer/pgfcoretransparency.code.tex
File: pgfcoretransparency.code.tex 2023-01-15 v3.1.10 (3.1.10)
) (/Users/ivan/Library/TinyTeX/texmf-dist/tex/generic/pgf/basiclayer/pgfcorepatterns.code.tex
File: pgfcorepatterns.code.tex 2023-01-15 v3.1.10 (3.1.10)
) (/Users/ivan/Library/TinyTeX/texmf-dist/tex/generic/pgf/basiclayer/pgfcorerdf.code.tex
File: pgfcorerdf.code.tex 2023-01-15 v3.1.10 (3.1.10)
))) (/Users/ivan/Library/TinyTeX/texmf-dist/tex/generic/pgf/modules/pgfmoduleshapes.code.tex
File: pgfmoduleshapes.code.tex 2023-01-15 v3.1.10 (3.1.10)
\pgfnodeparttextbox=\box73
) (/Users/ivan/Library/TinyTeX/texmf-dist/tex/generic/pgf/modules/pgfmoduleplot.code.tex
File: pgfmoduleplot.code.tex 2023-01-15 v3.1.10 (3.1.10)
) (/Users/ivan/Library/TinyTeX/texmf-dist/tex/latex/pgf/compatibility/pgfcomp-version-0-65.sty
Package: pgfcomp-version-0-65 2023-01-15 v3.1.10 (3.1.10)
\pgf@nodesepstart=\dimen275
\pgf@nodesepend=\dimen276
) (/Users/ivan/Library/TinyTeX/texmf-dist/tex/latex/pgf/compatibility/pgfcomp-version-1-18.sty
Package: pgfcomp-version-1-18 2023-01-15 v3.1.10 (3.1.10)
)) (/Users/ivan/Library/TinyTeX/texmf-dist/tex/latex/tools/verbatim.sty
Package: verbatim 2022-07-02 v1.5u LaTeX2e package for verbatim enhancements
\every@verbatim=\toks38
\verbatim@line=\toks39
\verbatim@in@stream=\read4
) (/Users/ivan/Library/TinyTeX/texmf-dist/tex/latex/environ/environ.sty
Package: environ 2014/05/04 v0.3 A new way to define environments
(/Users/ivan/Library/TinyTeX/texmf-dist/tex/latex/trimspaces/trimspaces.sty
Package: trimspaces 2009/09/17 v1.1 Trim spaces around a token list
))
\tcb@titlebox=\box74
\tcb@upperbox=\box75
\tcb@lowerbox=\box76
\tcb@phantombox=\box77
\c@tcbbreakpart=\count318
\c@tcblayer=\count319
\c@tcolorbox@number=\count320
\tcb@temp=\box78
\tcb@temp=\box79
\tcb@temp=\box80
\tcb@temp=\box81
(/Users/ivan/Library/TinyTeX/texmf-dist/tex/latex/tcolorbox/tcbraster.code.tex
Library (tcolorbox): 'tcbraster.code.tex' version '6.1.0'
\c@tcbrastercolumn=\count321
\c@tcbrasterrow=\count322
\c@tcbrasternum=\count323
\c@tcbraster=\count324
) (/Users/ivan/Library/TinyTeX/texmf-dist/tex/latex/tcolorbox/tcbskins.code.tex
Library (tcolorbox): 'tcbskins.code.tex' version '6.1.0'
(/Users/ivan/Library/TinyTeX/texmf-dist/tex/latex/pgf/frontendlayer/tikz.sty (/Users/ivan/Library/TinyTeX/texmf-dist/tex/latex/pgf/utilities/pgffor.sty (/Users/ivan/Library/TinyTeX/texmf-dist/tex/latex/pgf/utilities/pgfkeys.sty (/Users/ivan/Library/TinyTeX/texmf-dist/tex/generic/pgf/utilities/pgfkeys.code.tex)) (/Users/ivan/Library/TinyTeX/texmf-dist/tex/latex/pgf/math/pgfmath.sty (/Users/ivan/Library/TinyTeX/texmf-dist/tex/generic/pgf/math/pgfmath.code.tex)) (/Users/ivan/Library/TinyTeX/texmf-dist/tex/generic/pgf/utilities/pgffor.code.tex
Package: pgffor 2023-01-15 v3.1.10 (3.1.10)
\pgffor@iter=\dimen277
\pgffor@skip=\dimen278
\pgffor@stack=\toks40
\pgffor@toks=\toks41
)) (/Users/ivan/Library/TinyTeX/texmf-dist/tex/generic/pgf/frontendlayer/tikz/tikz.code.tex
Package: tikz 2023-01-15 v3.1.10 (3.1.10)
(/Users/ivan/Library/TinyTeX/texmf-dist/tex/generic/pgf/libraries/pgflibraryplothandlers.code.tex
File: pgflibraryplothandlers.code.tex 2023-01-15 v3.1.10 (3.1.10)
\pgf@plot@mark@count=\count325
\pgfplotmarksize=\dimen279
)
\tikz@lastx=\dimen280
\tikz@lasty=\dimen281
\tikz@lastxsaved=\dimen282
\tikz@lastysaved=\dimen283
\tikz@lastmovetox=\dimen284
\tikz@lastmovetoy=\dimen285
\tikzleveldistance=\dimen286
\tikzsiblingdistance=\dimen287
\tikz@figbox=\box82
\tikz@figbox@bg=\box83
\tikz@tempbox=\box84
\tikz@tempbox@bg=\box85
\tikztreelevel=\count326
\tikznumberofchildren=\count327
\tikznumberofcurrentchild=\count328
\tikz@fig@count=\count329
(/Users/ivan/Library/TinyTeX/texmf-dist/tex/generic/pgf/modules/pgfmodulematrix.code.tex
File: pgfmodulematrix.code.tex 2023-01-15 v3.1.10 (3.1.10)
\pgfmatrixcurrentrow=\count330
\pgfmatrixcurrentcolumn=\count331
\pgf@matrix@numberofcolumns=\count332
)
\tikz@expandcount=\count333
(/Users/ivan/Library/TinyTeX/texmf-dist/tex/generic/pgf/frontendlayer/tikz/libraries/tikzlibrarytopaths.code.tex
File: tikzlibrarytopaths.code.tex 2023-01-15 v3.1.10 (3.1.10)
))) (/Users/ivan/Library/TinyTeX/texmf-dist/tex/latex/tikzfill/tikzfill.image.sty
Package: tikzfill.image 2023/08/08 v1.0.1 Image filling library for TikZ
(/Users/ivan/Library/TinyTeX/texmf-dist/tex/latex/tikzfill/tikzfill-common.sty
Package: tikzfill-common 2023/08/08 v1.0.1 Auxiliary code for tikzfill
) (/Users/ivan/Library/TinyTeX/texmf-dist/tex/latex/tikzfill/tikzlibraryfill.image.code.tex
File: tikzlibraryfill.image.code.tex 2023/08/08 v1.0.1 Image filling library
\l__tikzfill_img_box=\box86
)) (/Users/ivan/Library/TinyTeX/texmf-dist/tex/latex/tcolorbox/tcbskinsjigsaw.code.tex
Library (tcolorbox): 'tcbskinsjigsaw.code.tex' version '6.1.0'
)) (/Users/ivan/Library/TinyTeX/texmf-dist/tex/latex/tcolorbox/tcbbreakable.code.tex
Library (tcolorbox): 'tcbbreakable.code.tex' version '6.1.0'
(/Users/ivan/Library/TinyTeX/texmf-dist/tex/latex/pdfcol/pdfcol.sty
Package: pdfcol 2022-09-21 v1.7 Handle new color stacks for pdfTeX (HO)
(/Users/ivan/Library/TinyTeX/texmf-dist/tex/generic/infwarerr/infwarerr.sty
Package: infwarerr 2019/12/03 v1.5 Providing info/warning/error messages (HO)
)
Package pdfcol Info: Interface disabled because of missing PDF mode of pdfTeX.
)
Package pdfcol Info: pdfTeX's color stacks are not available.
\tcb@testbox=\box87
\tcb@totalupperbox=\box88
\tcb@totallowerbox=\box89
) (/Users/ivan/Library/TinyTeX/texmf-dist/tex/latex/tcolorbox/tcbhooks.code.tex
Library (tcolorbox): 'tcbhooks.code.tex' version '6.1.0'
) (/Users/ivan/Library/TinyTeX/texmf-dist/tex/latex/tcolorbox/tcbtheorems.code.tex
Library (tcolorbox): 'tcbtheorems.code.tex' version '6.1.0'
) (/Users/ivan/Library/TinyTeX/texmf-dist/tex/latex/tcolorbox/tcbfitting.code.tex
Library (tcolorbox): 'tcbfitting.code.tex' version '6.1.0'
\tcbfitdim=\dimen288
\tcb@lowerfitdim=\dimen289
\tcb@upperfitdim=\dimen290
\tcb@cur@hbadness=\count334
)) (/Users/ivan/Library/TinyTeX/texmf-dist/tex/latex/fontawesome5/fontawesome5.sty
Package: fontawesome5 2022/05/02 v5.15.4 Font Awesome 5
(/Users/ivan/Library/TinyTeX/texmf-dist/tex/latex/fontawesome5/fontawesome5-utex-helper.sty
Package: fontawesome5-utex-helper 2022/05/02 v5.15.4 uTeX helper for fontawesome5
LaTeX Font Info:    Trying to load font information for TU+fontawesomefree on input line 69.
(/Users/ivan/Library/TinyTeX/texmf-dist/tex/latex/fontawesome5/tufontawesomefree.fd)
LaTeX Font Info:    Trying to load font information for TU+fontawesomebrands on input line 70.
(/Users/ivan/Library/TinyTeX/texmf-dist/tex/latex/fontawesome5/tufontawesomebrands.fd))) (/Users/ivan/Library/TinyTeX/texmf-dist/tex/latex/bookmark/bookmark.sty
Package: bookmark 2020-11-06 v1.29 PDF bookmarks (HO)
(/Users/ivan/Library/TinyTeX/texmf-dist/tex/latex/hyperref/hyperref.sty
Package: hyperref 2023-07-08 v7.01b Hypertext links for LaTeX
(/Users/ivan/Library/TinyTeX/texmf-dist/tex/generic/pdftexcmds/pdftexcmds.sty
Package: pdftexcmds 2020-06-27 v0.33 Utility functions of pdfTeX for LuaTeX (HO)
Package pdftexcmds Info: \pdf@primitive is available.
Package pdftexcmds Info: \pdf@ifprimitive is available.
Package pdftexcmds Info: \pdfdraftmode not found.
) (/Users/ivan/Library/TinyTeX/texmf-dist/tex/generic/kvdefinekeys/kvdefinekeys.sty
Package: kvdefinekeys 2019-12-19 v1.6 Define keys (HO)
) (/Users/ivan/Library/TinyTeX/texmf-dist/tex/generic/pdfescape/pdfescape.sty
Package: pdfescape 2019/12/09 v1.15 Implements pdfTeX's escape features (HO)
) (/Users/ivan/Library/TinyTeX/texmf-dist/tex/latex/hycolor/hycolor.sty
Package: hycolor 2020-01-27 v1.10 Color options for hyperref/bookmark (HO)
) (/Users/ivan/Library/TinyTeX/texmf-dist/tex/latex/letltxmacro/letltxmacro.sty
Package: letltxmacro 2019/12/03 v1.6 Let assignment for LaTeX macros (HO)
) (/Users/ivan/Library/TinyTeX/texmf-dist/tex/latex/auxhook/auxhook.sty
Package: auxhook 2019-12-17 v1.6 Hooks for auxiliary files (HO)
) (/Users/ivan/Library/TinyTeX/texmf-dist/tex/latex/hyperref/nameref.sty
Package: nameref 2023-08-07 v2.53 Cross-referencing by name of section
(/Users/ivan/Library/TinyTeX/texmf-dist/tex/latex/refcount/refcount.sty
Package: refcount 2019/12/15 v3.6 Data extraction from label references (HO)
) (/Users/ivan/Library/TinyTeX/texmf-dist/tex/generic/gettitlestring/gettitlestring.sty
Package: gettitlestring 2019/12/15 v1.6 Cleanup title references (HO)
)
\c@section@level=\count335
)
\@linkdim=\dimen291
\Hy@linkcounter=\count336
\Hy@pagecounter=\count337
(/Users/ivan/Library/TinyTeX/texmf-dist/tex/latex/hyperref/pd1enc.def
File: pd1enc.def 2023-07-08 v7.01b Hyperref: PDFDocEncoding definition (HO)
) (/Users/ivan/Library/TinyTeX/texmf-dist/tex/generic/intcalc/intcalc.sty
Package: intcalc 2019/12/15 v1.3 Expandable calculations with integers (HO)
)
\Hy@SavedSpaceFactor=\count338
(/Users/ivan/Library/TinyTeX/texmf-dist/tex/latex/hyperref/puenc.def
File: puenc.def 2023-07-08 v7.01b Hyperref: PDF Unicode definition (HO)
)
Package hyperref Info: Option `unicode' set `true' on input line 4050.
Package hyperref Info: Hyper figures OFF on input line 4167.
Package hyperref Info: Link nesting OFF on input line 4172.
Package hyperref Info: Hyper index ON on input line 4175.
Package hyperref Info: Plain pages OFF on input line 4182.
Package hyperref Info: Backreferencing OFF on input line 4187.
Package hyperref Info: Implicit mode ON; LaTeX internals redefined.
Package hyperref Info: Bookmarks ON on input line 4434.
\c@Hy@tempcnt=\count339
(/Users/ivan/Library/TinyTeX/texmf-dist/tex/latex/url/url.sty
\Urlmuskip=\muskip18
Package: url 2013/09/16  ver 3.4  Verb mode for urls, etc.
)
LaTeX Info: Redefining \url on input line 4772.
\XeTeXLinkMargin=\dimen292
(/Users/ivan/Library/TinyTeX/texmf-dist/tex/generic/bitset/bitset.sty
Package: bitset 2019/12/09 v1.3 Handle bit-vector datatype (HO)
(/Users/ivan/Library/TinyTeX/texmf-dist/tex/generic/bigintcalc/bigintcalc.sty
Package: bigintcalc 2019/12/15 v1.5 Expandable calculations on big integers (HO)
))
\Fld@menulength=\count340
\Field@Width=\dimen293
\Fld@charsize=\dimen294
Package hyperref Info: Hyper figures OFF on input line 6051.
Package hyperref Info: Link nesting OFF on input line 6056.
Package hyperref Info: Hyper index ON on input line 6059.
Package hyperref Info: backreferencing OFF on input line 6066.
Package hyperref Info: Link coloring OFF on input line 6071.
Package hyperref Info: Link coloring with OCG OFF on input line 6076.
Package hyperref Info: PDF/A mode OFF on input line 6081.
(/Users/ivan/Library/TinyTeX/texmf-dist/tex/latex/base/atbegshi-ltx.sty
Package: atbegshi-ltx 2021/01/10 v1.0c Emulation of the original atbegshi
package with kernel methods
)
\Hy@abspage=\count341
\c@Item=\count342
\c@Hfootnote=\count343
)
Package hyperref Info: Driver (autodetected): hxetex.
(/Users/ivan/Library/TinyTeX/texmf-dist/tex/latex/hyperref/hxetex.def
File: hxetex.def 2023-07-08 v7.01b Hyperref driver for XeTeX
(/Users/ivan/Library/TinyTeX/texmf-dist/tex/generic/stringenc/stringenc.sty
Package: stringenc 2019/11/29 v1.12 Convert strings between diff. encodings (HO)
)
\pdfm@box=\box90
\c@Hy@AnnotLevel=\count344
\HyField@AnnotCount=\count345
\Fld@listcount=\count346
\c@bookmark@seq@number=\count347
(/Users/ivan/Library/TinyTeX/texmf-dist/tex/latex/rerunfilecheck/rerunfilecheck.sty
Package: rerunfilecheck 2022-07-10 v1.10 Rerun checks for auxiliary files (HO)
(/Users/ivan/Library/TinyTeX/texmf-dist/tex/latex/base/atveryend-ltx.sty
Package: atveryend-ltx 2020/08/19 v1.0a Emulation of the original atveryend package
with kernel methods
) (/Users/ivan/Library/TinyTeX/texmf-dist/tex/generic/uniquecounter/uniquecounter.sty
Package: uniquecounter 2019/12/15 v1.4 Provide unlimited unique counter (HO)
)
Package uniquecounter Info: New unique counter `rerunfilecheck' on input line 285.
)
\Hy@SectionHShift=\skip67
) (/Users/ivan/Library/TinyTeX/texmf-dist/tex/latex/bookmark/bkm-dvipdfm.def
File: bkm-dvipdfm.def 2020-11-06 v1.29 bookmark driver for dvipdfm (HO)
\BKM@id=\count348
)) (/Users/ivan/Library/TinyTeX/texmf-dist/tex/latex/caption/caption.sty
Package: caption 2023/08/05 v3.6o Customizing captions (AR)
(/Users/ivan/Library/TinyTeX/texmf-dist/tex/latex/caption/caption3.sty
Package: caption3 2023/07/31 v2.4d caption3 kernel (AR)
\caption@tempdima=\dimen295
\captionmargin=\dimen296
\caption@leftmargin=\dimen297
\caption@rightmargin=\dimen298
\caption@width=\dimen299
\caption@indent=\dimen300
\caption@parindent=\dimen301
\caption@hangindent=\dimen302
Package caption Info: Standard document class detected.
)
\c@caption@flags=\count349
\c@continuedfloat=\count350
Package caption Info: hyperref package is loaded.
Package caption Info: longtable package is loaded.
(/Users/ivan/Library/TinyTeX/texmf-dist/tex/latex/caption/ltcaption.sty
Package: ltcaption 2021/01/08 v1.4c longtable captions (AR)
)) (/Users/ivan/Library/TinyTeX/texmf-dist/tex/latex/float/float.sty
Package: float 2001/11/08 v1.3d Float enhancements (AL)
\c@float@type=\count351
\float@exts=\toks42
\float@box=\box91
\@float@everytoks=\toks43
\@floatcapt=\box92
)
\@float@every@codelisting=\toks44
\c@codelisting=\count352
(/Users/ivan/Library/TinyTeX/texmf-dist/tex/latex/caption/subcaption.sty
Package: subcaption 2023/07/28 v1.6b Sub-captions (AR)
Package caption Info: New subtype `subfigure' on input line 238.
\c@subfigure=\count353
Package caption Info: New subtype `subtable' on input line 238.
\c@subtable=\count354
) (/Users/ivan/Library/TinyTeX/texmf-dist/tex/generic/babel/babel.sty
Package: babel 2023/09/29 v3.95 The Babel package
\babel@savecnt=\count355
\U@D=\dimen303
\l@unhyphenated=\language3
(/Users/ivan/Library/TinyTeX/texmf-dist/tex/generic/babel/xebabel.def)
\bbl@readstream=\read5
\bbl@dirlevel=\count356
Package babel Info: You haven't specified a language as a class or package
(babel)             option. I'll load 'nil'. Reported on input line 4295.
(/Users/ivan/Library/TinyTeX/texmf-dist/tex/generic/babel/nil.ldf
Language: nil 2023/09/29 v3.95 Nil language
\l@nil=\language4
))
\everypar=\toks45
(/Users/ivan/Library/TinyTeX/texmf-dist/tex/generic/babel/locale/ru/babel-russian.tex)
Package babel Info: Importing data for russian
(babel)             from babel-ru.ini. Reported on input line 214.
Package babel Info: Hyphen rules for 'russian' set to \l@nil
(babel)             (\language4). Reported on input line 214.
No file index.aux.
\openout1 = `index.aux'.

LaTeX Font Info:    Checking defaults for OML/cmm/m/it on input line 235.
LaTeX Font Info:    ... okay on input line 235.
LaTeX Font Info:    Checking defaults for OMS/cmsy/m/n on input line 235.
LaTeX Font Info:    ... okay on input line 235.
LaTeX Font Info:    Checking defaults for OT1/cmr/m/n on input line 235.
LaTeX Font Info:    ... okay on input line 235.
LaTeX Font Info:    Checking defaults for T1/cmr/m/n on input line 235.
LaTeX Font Info:    ... okay on input line 235.
LaTeX Font Info:    Checking defaults for TS1/cmr/m/n on input line 235.
LaTeX Font Info:    ... okay on input line 235.
LaTeX Font Info:    Checking defaults for TU/lmr/m/n on input line 235.
LaTeX Font Info:    ... okay on input line 235.
LaTeX Font Info:    Checking defaults for OMX/cmex/m/n on input line 235.
LaTeX Font Info:    ... okay on input line 235.
LaTeX Font Info:    Checking defaults for U/cmr/m/n on input line 235.
LaTeX Font Info:    ... okay on input line 235.
LaTeX Font Info:    Checking defaults for PD1/pdf/m/n on input line 235.
LaTeX Font Info:    ... okay on input line 235.
LaTeX Font Info:    Checking defaults for PU/pdf/m/n on input line 235.
LaTeX Font Info:    ... okay on input line 235.
LaTeX Font Info:    Overwriting math alphabet `\mathsf' in version `normal'
(Font)                  OT1/lmss/m/n --> TU/lmss/m/n on input line 235.
LaTeX Font Info:    Overwriting math alphabet `\mathsf' in version `bold'
(Font)                  OT1/lmss/bx/n --> TU/lmss/b/n on input line 235.
LaTeX Font Info:    Overwriting math alphabet `\mathtt' in version `normal'
(Font)                  OT1/lmtt/m/n --> TU/lmtt/m/n on input line 235.
LaTeX Font Info:    Overwriting math alphabet `\mathtt' in version `bold'
(Font)                  OT1/lmtt/m/n --> TU/lmtt/b/n on input line 235.

Package fontspec Info: latinmodern-math scale = 1.25289508994162.


Package fontspec Info: latinmodern-math scale = 1.25289508994162.


Package fontspec Info: latinmodern-math scale = 1.25289508994162.


Package fontspec Info: Font family 'latinmodern-math.otf(0)' created for font
(fontspec)             'latinmodern-math.otf' with options
(fontspec)             [Scale=MatchLowercase,BoldItalicFont={},ItalicFont={},SmallCapsFont={},Script=Math,BoldFont={latinmodern-math.otf}].
(fontspec)              
(fontspec)              This font family consists of the following NFSS
(fontspec)             series/shapes:
(fontspec)              
(fontspec)             - 'normal' (m/n) with NFSS spec.:
(fontspec)             <->s*[1.25289508994162]"[latinmodern-math.otf]/OT:script=math;language=dflt;"
(fontspec)             - 'small caps'  (m/sc) with NFSS spec.: 
(fontspec)             - 'bold' (b/n) with NFSS spec.:
(fontspec)             <->s*[1.25289508994162]"[latinmodern-math.otf]/OT:script=math;language=dflt;"
(fontspec)             - 'bold small caps'  (b/sc) with NFSS spec.: 

LaTeX Font Info:    Font shape `TU/latinmodern-math.otf(0)/m/n' will be
(Font)              scaled to size 12.52899pt on input line 235.

Package fontspec Info: latinmodern-math scale = 1.25289508994162.


Package fontspec Info: latinmodern-math scale = 1.25289508994162.


Package fontspec Info: latinmodern-math scale = 1.25289508994162.


Package fontspec Info: latinmodern-math scale = 1.25289508994162.


Package fontspec Info: latinmodern-math scale = 1.25289508994162.


Package fontspec Info: Font family 'latinmodern-math.otf(1)' created for font
(fontspec)             'latinmodern-math.otf' with options
(fontspec)             [Scale=MatchLowercase,BoldItalicFont={},ItalicFont={},SmallCapsFont={},Script=Math,SizeFeatures={{Size=8.5-},{Size=6-8.5,Font=latinmodern-math.otf,Style=MathScript},{Size=-6,Font=latinmodern-math.otf,Style=MathScriptScript}},BoldFont={latinmodern-math.otf}].
(fontspec)              
(fontspec)              This font family consists of the following NFSS
(fontspec)             series/shapes:
(fontspec)              
(fontspec)             - 'normal' (m/n) with NFSS spec.:
(fontspec)             <8.5->s*[1.25289508994162]"[latinmodern-math.otf]/OT:script=math;language=dflt;"<6-8.5>s*[1.25289508994162]"[latinmodern-math.otf]/OT:script=math;language=dflt;+ssty=0;"<-6>s*[1.25289508994162]"[latinmodern-math.otf]/OT:script=math;language=dflt;+ssty=1;"
(fontspec)             - 'small caps'  (m/sc) with NFSS spec.: 
(fontspec)             - 'bold' (b/n) with NFSS spec.:
(fontspec)             <->s*[1.25289508994162]"[latinmodern-math.otf]/OT:script=math;language=dflt;"
(fontspec)             - 'bold small caps'  (b/sc) with NFSS spec.: 

LaTeX Font Info:    Font shape `TU/latinmodern-math.otf(1)/m/n' will be
(Font)              scaled to size 12.52899pt on input line 235.
LaTeX Font Info:    Encoding `OT1' has changed to `TU' for symbol font
(Font)              `operators' in the math version `normal' on input line 235.
LaTeX Font Info:    Overwriting symbol font `operators' in version `normal'
(Font)                  OT1/lmr/m/n --> TU/latinmodern-math.otf(1)/m/n on input line 235.
LaTeX Font Info:    Encoding `OT1' has changed to `TU' for symbol font
(Font)              `operators' in the math version `bold' on input line 235.
LaTeX Font Info:    Overwriting symbol font `operators' in version `bold'
(Font)                  OT1/lmr/bx/n --> TU/latinmodern-math.otf(1)/b/n on input line 235.

Package fontspec Info: latinmodern-math scale = 1.25289508994162.


Package fontspec Info: latinmodern-math scale = 1.253020379450614.


Package fontspec Info: latinmodern-math scale = 1.25289508994162.


Package fontspec Info: latinmodern-math scale = 1.253020379450614.


Package fontspec Info: latinmodern-math scale = 1.25289508994162.


Package fontspec Info: latinmodern-math scale = 1.253020379450614.


Package fontspec Info: latinmodern-math scale = 1.25289508994162.


Package fontspec Info: latinmodern-math scale = 1.253020379450614.


Package fontspec Info: latinmodern-math scale = 1.25289508994162.


Package fontspec Info: latinmodern-math scale = 1.253020379450614.


Package fontspec Info: Font family 'latinmodern-math.otf(2)' created for font
(fontspec)             'latinmodern-math.otf' with options
(fontspec)             [Scale=MatchLowercase,BoldItalicFont={},ItalicFont={},SmallCapsFont={},Script=Math,SizeFeatures={{Size=8.5-},{Size=6-8.5,Font=latinmodern-math.otf,Style=MathScript},{Size=-6,Font=latinmodern-math.otf,Style=MathScriptScript}},BoldFont={latinmodern-math.otf},ScaleAgain=1.0001,FontAdjustment={\fontdimen
(fontspec)             8\font =8.48213pt\relax \fontdimen 9\font
(fontspec)             =4.93642pt\relax \fontdimen 10\font =5.56287pt\relax
(fontspec)             \fontdimen 11\font =8.5949pt\relax \fontdimen 12\font
(fontspec)             =4.32251pt\relax \fontdimen 13\font =4.54802pt\relax
(fontspec)             \fontdimen 14\font =4.54802pt\relax \fontdimen 15\font
(fontspec)             =3.62088pt\relax \fontdimen 16\font =3.09467pt\relax
(fontspec)             \fontdimen 17\font =3.09467pt\relax \fontdimen 18\font
(fontspec)             =3.13225pt\relax \fontdimen 19\font =2.5058pt\relax
(fontspec)             \fontdimen 22\font =3.13225pt\relax \fontdimen 20\font
(fontspec)             =0pt\relax \fontdimen 21\font =0pt\relax }].
(fontspec)              
(fontspec)              This font family consists of the following NFSS
(fontspec)             series/shapes:
(fontspec)              
(fontspec)             - 'normal' (m/n) with NFSS spec.:
(fontspec)             <8.5->s*[1.253020379450614]"[latinmodern-math.otf]/OT:script=math;language=dflt;"<6-8.5>s*[1.253020379450614]"[latinmodern-math.otf]/OT:script=math;language=dflt;+ssty=0;"<-6>s*[1.253020379450614]"[latinmodern-math.otf]/OT:script=math;language=dflt;+ssty=1;"
(fontspec)             - 'small caps'  (m/sc) with NFSS spec.: 
(fontspec)             and font adjustment code:
(fontspec)             \fontdimen 8\font =8.48213pt\relax \fontdimen 9\font
(fontspec)             =4.93642pt\relax \fontdimen 10\font =5.56287pt\relax
(fontspec)             \fontdimen 11\font =8.5949pt\relax \fontdimen 12\font
(fontspec)             =4.32251pt\relax \fontdimen 13\font =4.54802pt\relax
(fontspec)             \fontdimen 14\font =4.54802pt\relax \fontdimen 15\font
(fontspec)             =3.62088pt\relax \fontdimen 16\font =3.09467pt\relax
(fontspec)             \fontdimen 17\font =3.09467pt\relax \fontdimen 18\font
(fontspec)             =3.13225pt\relax \fontdimen 19\font =2.5058pt\relax
(fontspec)             \fontdimen 22\font =3.13225pt\relax \fontdimen 20\font
(fontspec)             =0pt\relax \fontdimen 21\font =0pt\relax 
(fontspec)             - 'bold' (b/n) with NFSS spec.:
(fontspec)             <->s*[1.253020379450614]"[latinmodern-math.otf]/OT:script=math;language=dflt;"
(fontspec)             - 'bold small caps'  (b/sc) with NFSS spec.: 
(fontspec)             and font adjustment code:
(fontspec)             \fontdimen 8\font =8.48213pt\relax \fontdimen 9\font
(fontspec)             =4.93642pt\relax \fontdimen 10\font =5.56287pt\relax
(fontspec)             \fontdimen 11\font =8.5949pt\relax \fontdimen 12\font
(fontspec)             =4.32251pt\relax \fontdimen 13\font =4.54802pt\relax
(fontspec)             \fontdimen 14\font =4.54802pt\relax \fontdimen 15\font
(fontspec)             =3.62088pt\relax \fontdimen 16\font =3.09467pt\relax
(fontspec)             \fontdimen 17\font =3.09467pt\relax \fontdimen 18\font
(fontspec)             =3.13225pt\relax \fontdimen 19\font =2.5058pt\relax
(fontspec)             \fontdimen 22\font =3.13225pt\relax \fontdimen 20\font
(fontspec)             =0pt\relax \fontdimen 21\font =0pt\relax 

LaTeX Font Info:    Encoding `OMS' has changed to `TU' for symbol font
(Font)              `symbols' in the math version `normal' on input line 235.
LaTeX Font Info:    Overwriting symbol font `symbols' in version `normal'
(Font)                  OMS/lmsy/m/n --> TU/latinmodern-math.otf(2)/m/n on input line 235.
LaTeX Font Info:    Encoding `OMS' has changed to `TU' for symbol font
(Font)              `symbols' in the math version `bold' on input line 235.
LaTeX Font Info:    Overwriting symbol font `symbols' in version `bold'
(Font)                  OMS/lmsy/b/n --> TU/latinmodern-math.otf(2)/b/n on input line 235.

Package fontspec Info: latinmodern-math scale = 1.25289508994162.


Package fontspec Info: latinmodern-math scale = 1.252769800432626.


Package fontspec Info: latinmodern-math scale = 1.25289508994162.


Package fontspec Info: latinmodern-math scale = 1.252769800432626.


Package fontspec Info: latinmodern-math scale = 1.25289508994162.


Package fontspec Info: latinmodern-math scale = 1.252769800432626.


Package fontspec Info: latinmodern-math scale = 1.25289508994162.


Package fontspec Info: latinmodern-math scale = 1.252769800432626.


Package fontspec Info: latinmodern-math scale = 1.25289508994162.


Package fontspec Info: latinmodern-math scale = 1.252769800432626.


Package fontspec Info: Font family 'latinmodern-math.otf(3)' created for font
(fontspec)             'latinmodern-math.otf' with options
(fontspec)             [Scale=MatchLowercase,BoldItalicFont={},ItalicFont={},SmallCapsFont={},Script=Math,SizeFeatures={{Size=8.5-},{Size=6-8.5,Font=latinmodern-math.otf,Style=MathScript},{Size=-6,Font=latinmodern-math.otf,Style=MathScriptScript}},BoldFont={latinmodern-math.otf},ScaleAgain=0.9999,FontAdjustment={\fontdimen
(fontspec)             8\font =0.50116pt\relax \fontdimen 9\font
(fontspec)             =2.5058pt\relax \fontdimen 10\font =2.09235pt\relax
(fontspec)             \fontdimen 11\font =1.39072pt\relax \fontdimen 12\font
(fontspec)             =7.5174pt\relax \fontdimen 13\font =0pt\relax }].
(fontspec)              
(fontspec)              This font family consists of the following NFSS
(fontspec)             series/shapes:
(fontspec)              
(fontspec)             - 'normal' (m/n) with NFSS spec.:
(fontspec)             <8.5->s*[1.252769800432626]"[latinmodern-math.otf]/OT:script=math;language=dflt;"<6-8.5>s*[1.252769800432626]"[latinmodern-math.otf]/OT:script=math;language=dflt;+ssty=0;"<-6>s*[1.252769800432626]"[latinmodern-math.otf]/OT:script=math;language=dflt;+ssty=1;"
(fontspec)             - 'small caps'  (m/sc) with NFSS spec.: 
(fontspec)             and font adjustment code:
(fontspec)             \fontdimen 8\font =0.50116pt\relax \fontdimen 9\font
(fontspec)             =2.5058pt\relax \fontdimen 10\font =2.09235pt\relax
(fontspec)             \fontdimen 11\font =1.39072pt\relax \fontdimen 12\font
(fontspec)             =7.5174pt\relax \fontdimen 13\font =0pt\relax 
(fontspec)             - 'bold' (b/n) with NFSS spec.:
(fontspec)             <->s*[1.252769800432626]"[latinmodern-math.otf]/OT:script=math;language=dflt;"
(fontspec)             - 'bold small caps'  (b/sc) with NFSS spec.: 
(fontspec)             and font adjustment code:
(fontspec)             \fontdimen 8\font =0.50116pt\relax \fontdimen 9\font
(fontspec)             =2.5058pt\relax \fontdimen 10\font =2.09235pt\relax
(fontspec)             \fontdimen 11\font =1.39072pt\relax \fontdimen 12\font
(fontspec)             =7.5174pt\relax \fontdimen 13\font =0pt\relax 

LaTeX Font Info:    Encoding `OMX' has changed to `TU' for symbol font
(Font)              `largesymbols' in the math version `normal' on input line 235.
LaTeX Font Info:    Overwriting symbol font `largesymbols' in version `normal'
(Font)                  OMX/lmex/m/n --> TU/latinmodern-math.otf(3)/m/n on input line 235.
LaTeX Font Info:    Encoding `OMX' has changed to `TU' for symbol font
(Font)              `largesymbols' in the math version `bold' on input line 235.
LaTeX Font Info:    Overwriting symbol font `largesymbols' in version `bold'
(Font)                  OMX/lmex/m/n --> TU/latinmodern-math.otf(3)/b/n on input line 235.
LaTeX Info: Redefining \microtypecontext on input line 235.
Package microtype Info: Applying patch `item' on input line 235.
Package microtype Info: Applying patch `toc' on input line 235.
Package microtype Info: Applying patch `eqnum' on input line 235.
Package microtype Info: Applying patch `footnote' on input line 235.
Package microtype Info: Applying patch `verbatim' on input line 235.
Package microtype Info: Character protrusion enabled (level 2).
Package microtype Info: Using protrusion set `basicmath'.
Package microtype Info: No adjustment of tracking.
Package microtype Info: No adjustment of spacing.
Package microtype Info: No adjustment of kerning.
Package microtype Info: Loading generic protrusion settings for font family
(microtype)             `Mont' (encoding: TU).
(microtype)             For optimal results, create family-specific settings.
(microtype)             See the microtype manual for details.
Package hyperref Info: Link coloring OFF on input line 235.

Package hyperref Warning: Rerun to get /PageLabels entry.

Package caption Info: Begin \AtBeginDocument code.
Package caption Info: float package is loaded.
Package caption Info: End \AtBeginDocument code.
LaTeX Font Info:    Font shape `TU/Mont(0)/m/n' will be
(Font)              scaled to size 17.28pt on input line 238.
LaTeX Font Info:    Font shape `TU/Mont(0)/m/n' will be
(Font)              scaled to size 12.0pt on input line 238.
LaTeX Font Info:    Font shape `TU/latinmodern-math.otf(1)/m/n' will be
(Font)              scaled to size 15.03479pt on input line 238.
LaTeX Font Info:    Font shape `TU/latinmodern-math.otf(1)/m/n' will be
(Font)              scaled to size 10.0232pt on input line 238.
LaTeX Font Info:    Font shape `TU/latinmodern-math.otf(1)/m/n' will be
(Font)              scaled to size 7.5174pt on input line 238.
LaTeX Font Info:    Trying to load font information for OML+lmm on input line 238.
(/Users/ivan/Library/TinyTeX/texmf-dist/tex/latex/lm/omllmm.fd
File: omllmm.fd 2015/05/01 v1.6.1 Font defs for Latin Modern
)
LaTeX Font Info:    Font shape `TU/latinmodern-math.otf(2)/m/n' will be
(Font)              scaled to size 15.03625pt on input line 238.
LaTeX Font Info:    Font shape `TU/latinmodern-math.otf(2)/m/n' will be
(Font)              scaled to size 10.02417pt on input line 238.
LaTeX Font Info:    Font shape `TU/latinmodern-math.otf(2)/m/n' will be
(Font)              scaled to size 7.51813pt on input line 238.
LaTeX Font Info:    Font shape `TU/latinmodern-math.otf(3)/m/n' will be
(Font)              scaled to size 15.03333pt on input line 238.
LaTeX Font Info:    Font shape `TU/latinmodern-math.otf(3)/m/n' will be
(Font)              scaled to size 10.02222pt on input line 238.
LaTeX Font Info:    Font shape `TU/latinmodern-math.otf(3)/m/n' will be
(Font)              scaled to size 7.51666pt on input line 238.
LaTeX Font Info:    Trying to load font information for U+msa on input line 238.
(/Users/ivan/Library/TinyTeX/texmf-dist/tex/latex/amsfonts/umsa.fd
File: umsa.fd 2013/01/14 v3.01 AMS symbols A
) (/Users/ivan/Library/TinyTeX/texmf-dist/tex/latex/microtype/mt-msa.cfg
File: mt-msa.cfg 2006/02/04 v1.1 microtype config. file: AMS symbols (a) (RS)
)
LaTeX Font Info:    Trying to load font information for U+msb on input line 238.
(/Users/ivan/Library/TinyTeX/texmf-dist/tex/latex/amsfonts/umsb.fd
File: umsb.fd 2013/01/14 v3.01 AMS symbols B
) (/Users/ivan/Library/TinyTeX/texmf-dist/tex/latex/microtype/mt-msb.cfg
File: mt-msb.cfg 2005/06/01 v1.0 microtype config. file: AMS symbols (b) (RS)
) [1



]
LaTeX Font Info:    Font shape `TU/Mont(0)/m/sl' in size <10> not available
(Font)              Font shape `TU/Mont(0)/m/it' tried instead on input line 243.
LaTeX Font Info:    Font shape `TU/Mont(0)/m/it' will be
(Font)              scaled to size 10.0pt on input line 243.
[2

]
LaTeX Font Info:    Font shape `TU/Mont(0)/m/n' will be
(Font)              scaled to size 24.88pt on input line 243.
LaTeX Font Info:    Font shape `TU/Mont(0)/b/n' will be
(Font)              scaled to size 24.88pt on input line 243.
No file index.toc.
\tf@toc=\write5
\openout5 = `index.toc'.

[3] [4

]
\bbl@ensure@russian {–У–ї–∞–≤–∞} 1.
LaTeX Font Info:    Font shape `TU/Mont(0)/m/n' will be
(Font)              scaled to size 20.74pt on input line 249.
LaTeX Font Info:    Font shape `TU/Mont(0)/b/n' will be
(Font)              scaled to size 20.74pt on input line 249.

Underfull \hbox (badness 3612) in paragraph at lines 251--256
\TU/Mont(0)/m/n/10 –њ–Њ—Б–Љ–Њ—В—А–µ—В—М –Ї–Њ–і —Б –Љ–∞—В–µ—А–Є–∞–ї–∞–Љ–Є. –≠—В–∞ –Ї–љ–Є–≥–∞ –±—Г–і–µ—В –њ–Њ—Б—В–Њ—П–љ–љ–Њ
 []


Overfull \hbox (6.88673pt too wide) in paragraph at lines 257--265
[]\TU/Mont(0)/m/n/10 –Ъ–љ–Є–≥—Г –Љ–Њ–ґ–љ–Њ –Є—Б–њ–Њ–ї—М–Ј–Њ–≤–∞—В—М –Ї–∞–Ї —Б–∞–Љ–Њ—Г—З–Є—В–µ–ї—М, —Е–Њ—В—П –±–Њ–ї–µ–µ —Н—Д—Д–µ–Ї—В–Є–≤–љ–Њ
 []


Underfull \hbox (badness 10000) in paragraph at lines 257--265
\TU/Mont(0)/m/n/10 –µ–µ –Є—Б–њ–Њ–ї—М–Ј–Њ–≤–∞—В—М –≤ –Ї–∞—З–µ—Б—В–≤–µ –і–Њ–њ–Њ–ї–љ–Є—В–µ–ї—М–љ—Л—Е –Љ–∞—В–µ—А–Є–∞–ї–Њ–≤ –Ї
 []


Underfull \hbox (badness 4859) in paragraph at lines 257--265
\TU/Mont(0)/m/n/10 —Б–Њ–Њ—В–≤–µ—В—Б—В–≤—Г—О—Й–µ–Љ—Г –Ї—Г—А—Б—Г. –Х—Б–ї–Є –≤—Л —Е–Њ—В–Є—В–µ, —З—В–Њ–±—Л —П –њ—А–Њ—З–Є—В–∞–ї
 []


Underfull \hbox (badness 4673) in paragraph at lines 257--265
\TU/Mont(0)/m/n/10 —Н—В–Њ—В –Ї—Г—А—Б –≤ –≤–∞—И–µ–є –ї–∞–±–Њ—А–∞—В–Њ—А–Є–Є –Є–ї–Є –Ї–Њ–Љ–њ–∞–љ–Є–Є, –њ—А–Њ–≤–µ–ї –і–ї—П
 []


Underfull \hbox (badness 2318) in paragraph at lines 257--265
\TU/Mont(0)/m/n/10 –≤–∞—Б –Ї–Њ–љ—Б—Г–ї—М—В–∞—Ж–Є—О –њ–Њ –∞–љ–∞–ї–Є–Ј—Г –і–∞–љ–љ—Л—Е, R –Є —Б—В–∞—В–Є—Б—В–Є–Ї–µ, –∞ —В–∞–Ї
 []


Underfull \hbox (badness 8000) in paragraph at lines 257--265
\TU/Mont(0)/m/n/10 –ґ–µ –њ–Њ –ї—О–±—Л–Љ –і—А—Г–≥–Є–Љ –≤–Њ–њ—А–Њ—Б–∞–Љ, —В–Њ –њ–Є—И–Є—В–µ –Љ–љ–µ –љ–∞ –њ–Њ—З—В—Г
 []


Underfull \hbox (badness 2644) in paragraph at lines 257--265
\TU/lmtt/m/n/10 ivanspozdniakov@gmail.com \TU/Mont(0)/m/n/10 –Є–ї–Є –≤ \TU/Mont(0)/m/it/10 Telegra\TU/Mont(0)/m/n/10 m:\TU/lmtt/m/n/10 @pozdniakovivan \TU/Mont(0)/m/n/10 (–ї—Г—З—И–µ
 []

[1

] [2

] [3] [4]
Overfull \hbox (16.68254pt too wide) in paragraph at lines 283--286
[]\TU/Mont(0)/m/n/10 –Т —Н—В–Њ–Љ —А–∞–Ј–і–µ–ї–µ –Ї–љ–Є–≥–Є –Љ—Л —А–∞–Ј–±–µ—А–µ–Љ—Б—П —Б –Њ—Б–љ–Њ–≤–∞–Љ–Є –њ—А–Њ–≥—А–∞–Љ–Љ–Є—А–Њ–≤–∞–љ–Є—П
 []

LaTeX Font Info:    Font shape `TU/Mont(0)/b/n' will be
(Font)              scaled to size 10.0pt on input line 289.

LaTeX Warning: Reference `sec-intro' on page 5 undefined on input line 289.


Underfull \hbox (badness 10000) in paragraph at lines 289--293
[]\TU/Mont(0)/m/n/10 –Т –≥–ї–∞–≤–µ –У–ї–∞–≤–∞ [] —А–∞–Ј–±–Є—А–∞–µ—В—Б—П —Г—Б—В–∞–љ–Њ–≤–Ї–∞ R –Є RStudio,
 []


Underfull \hbox (badness 10000) in paragraph at lines 289--293
\TU/Mont(0)/m/n/10 –Ї–∞–Ї –≤–≤–Њ–і–Є—В—М –Ї–Њ–Љ–∞–љ–і—Л –Є —Б–Њ—Е—А–∞–љ—П—В—М —Б–Ї—А–Є–њ—В—Л, —Б–Њ–Ј–і–∞–≤–∞—В—М
 []


Underfull \hbox (badness 3872) in paragraph at lines 289--293
\TU/Mont(0)/m/n/10 –њ–µ—А–µ–Љ–µ–љ–љ—Л–µ, –њ–Њ–ї—М–Ј–Њ–≤–∞—В—М—Б—П –Њ–њ–µ—А–∞—В–Њ—А–∞–Љ–Є –Є —Д—Г–љ–Ї—Ж–Є—П–Љ–Є, –∞
 []


LaTeX Warning: Reference `sec-vector' on page 5 undefined on input line 293.


LaTeX Warning: Reference `sec-complex_structures' on page 5 undefined on input line 297.


Underfull \hbox (badness 3482) in paragraph at lines 297--300
[]\TU/Mont(0)/m/n/10 –Т –≥–ї–∞–≤–µ –У–ї–∞–≤–∞ [] —А–∞–Ј–Њ–±—А–∞–љ—Л –±–Њ–ї–µ–µ —Б–ї–Њ–ґ–љ—Л–µ —Б—В—А—Г–Ї—В—Г—А—Л:
 []


LaTeX Warning: Reference `sec-r_packages' on page 5 undefined on input line 300.


Underfull \hbox (badness 3219) in paragraph at lines 300--303
[]\TU/Mont(0)/m/n/10 –Т –У–ї–∞–≤–∞ [] –Љ—Л –љ–∞—Г—З–Є–Љ—Б—П —Г—Б—В–∞–љ–∞–≤–ї–Є–≤–∞—В—М –і–Њ–њ–Њ–ї–љ–Є—В–µ–ї—М–љ—Л–µ
 []


LaTeX Warning: Reference `sec-real_data' on page 5 undefined on input line 303.


LaTeX Warning: Reference `sec-loops_conditions' on page 5 undefined on input line 306.


LaTeX Warning: Reference `sec-functional' on page 5 undefined on input line 310.


Underfull \hbox (badness 10000) in paragraph at lines 310--312
[]\TU/Mont(0)/m/n/10 –У–ї–∞–≤–∞ –У–ї–∞–≤–∞ [] –њ–Њ—Б–≤—П—Й–µ–љ–∞ —Б–Њ–Ј–і–∞–љ–Є—О –њ–Њ–ї—М–Ј–Њ–≤–∞—В–µ–ї—М—Б–Ї–Є—Е
 []


Underfull \hbox (badness 10000) in paragraph at lines 310--312
\TU/Mont(0)/m/n/10 —Д—Г–љ–Ї—Ж–Є–є, –∞–љ–Њ–љ–Є–Љ–љ—Л–Љ —Д—Г–љ–Ї—Ж–Є—П–Љ –Є —Д—Г–љ–Ї—Ж–Є—П–Љ —Б–µ–Љ–µ–є—Б—В–≤–∞
 []

[5] [6

]
\bbl@ensure@russian {–У–ї–∞–≤–∞} 2.
LaTeX Font Info:    Font shape `TU/Mont(0)/m/n' will be
(Font)              scaled to size 14.4pt on input line 318.
LaTeX Font Info:    Font shape `TU/Mont(0)/b/n' will be
(Font)              scaled to size 14.4pt on input line 318.

Underfull \hbox (badness 10000) in paragraph at lines 330--334
[][]\TU/Mont(0)/m/n/10 –љ–∞ Windows[], –љ–∞–є–і–Є—В–µ –±–Њ–ї—М—И—Г—О –Ї–љ–Њ–њ–Ї—Г \TU/Mont(0)/b/n/10 Download R
 []

LaTeX Font Info:    Font shape `TU/Mont(0)/b/it' will be
(Font)              scaled to size 10.0pt on input line 381.

Underfull \hbox (badness 4132) in paragraph at lines 377--383
\TU/Mont(0)/b/n/10 –Є–љ—В–µ–≥—А–Є—А–Њ–≤–∞–љ–љ–∞—П —Б—А–µ–і–∞ —А–∞–Ј—А–∞–±–Њ—В–Ї–Є \TU/Mont(0)/b/it/10 (integrated development
 []

[7]

LaTeX Warning: Reference `sec-rmd' on page 8 undefined on input line 392.


Overfull \hbox (15.87006pt too wide) in paragraph at lines 385--393
[]\TU/Mont(0)/m/it/10 RStudio \TU/Mont(0)/m/n/10 вАУ —Н—В–Њ –љ–µ –µ–і–Є–љ—Б—В–≤–µ–љ–љ–∞—П —Б—А–µ–і–∞ –і–ї—П R, –љ–Њ, –Њ–њ—А–µ–і–µ–ї–µ–љ–љ–Њ,
 []


Underfull \hbox (badness 10000) in paragraph at lines 385--393
\TU/Mont(0)/m/n/10 —Б–∞–Љ–∞—П —Г–і–Њ–±–љ–∞—П –љ–∞ —Б–µ–≥–Њ–і–љ—П—И–љ–Є–є –і–µ–љ—М. –Я–Њ—З—В–Є –≤—Б–µ
 []


Underfull \hbox (badness 1755) in paragraph at lines 385--393
\TU/Mont(0)/m/n/10 —А–∞–±–Њ—В–∞—В—М —Б \TU/Mont(0)/m/it/10 Jupyter Notebook\TU/Mont(0)/m/n/10 , —В–Њ –≤ R –Њ–±—Л—З–љ–Њ –≤–Љ–µ—Б—В–Њ
 []


Underfull \hbox (badness 1303) in paragraph at lines 385--393
\TU/Mont(0)/m/it/10 Markdown \TU/Mont(0)/m/n/10 –Є \TU/Mont(0)/m/it/10 Quarto \TU/Mont(0)/m/n/10 –Љ—Л —В–Њ–ґ–µ –±—Г–і–µ–Љ —А–∞–Ј–±–Є—А–∞—В—М—Б—П (—Б–Љ.
 []

File: images/010-intro_rstudio_tabs.png Graphic file (type bmp)
<images/010-intro_rstudio_tabs.png>
LaTeX Font Info:    Font shape `TU/latinmodern-math.otf(1)/m/n' will be
(Font)              scaled to size 8.7703pt on input line 403.
LaTeX Font Info:    Font shape `TU/latinmodern-math.otf(1)/m/n' will be
(Font)              scaled to size 6.2645pt on input line 403.
LaTeX Font Info:    Font shape `TU/latinmodern-math.otf(2)/m/n' will be
(Font)              scaled to size 12.53021pt on input line 403.
LaTeX Font Info:    Font shape `TU/latinmodern-math.otf(2)/m/n' will be
(Font)              scaled to size 8.77115pt on input line 403.
LaTeX Font Info:    Font shape `TU/latinmodern-math.otf(2)/m/n' will be
(Font)              scaled to size 6.2651pt on input line 403.
LaTeX Font Info:    Font shape `TU/latinmodern-math.otf(3)/m/n' will be
(Font)              scaled to size 12.52777pt on input line 403.
LaTeX Font Info:    Font shape `TU/latinmodern-math.otf(3)/m/n' will be
(Font)              scaled to size 8.76944pt on input line 403.
LaTeX Font Info:    Font shape `TU/latinmodern-math.otf(3)/m/n' will be
(Font)              scaled to size 6.26389pt on input line 403.
LaTeX Font Info:    Font shape `TU/Mont(0)/m/n' will be
(Font)              scaled to size 7.0pt on input line 403.
LaTeX Font Info:    Font shape `TU/Mont(0)/m/n' will be
(Font)              scaled to size 8.0pt on input line 405.
LaTeX Font Info:    Font shape `TU/Mont(0)/m/n' will be
(Font)              scaled to size 6.0pt on input line 405.

Underfull \hbox (badness 1048) in paragraph at lines 405--405
[][][]\TU/Mont(0)/m/n/8 –Я—А–Є –њ–µ—А–≤–Њ–Љ –Ј–∞–њ—Г—Б–Ї–µ RStudio –≤—Л –љ–µ —Г–≤–Є–і–Є—В–µ —Н—В–Њ –Њ–Ї–љ–Њ. –Ф–ї—П —В–Њ–≥–Њ, —З—В–Њ–±—Л –Њ–љ–Њ
 []

[8]
Underfull \hbox (badness 2486) in paragraph at lines 415--426
\TU/Mont(0)/m/n/10 –Є –Ј–∞–њ—Г—Б—В–Є—В—М —Б—А–∞–Ј—Г –љ–µ—Б–Ї–Њ–ї—М–Ї–Њ –Ї–Њ–Љ–∞–љ–і –Є–ї–Є –і–∞–ґ–µ –≤—Б–µ –Ї–Њ–Љ–∞–љ–і—Л
 []


Underfull \hbox (badness 4291) in paragraph at lines 415--426
\TU/Mont(0)/m/n/10 —Б–Ї—А–Є–њ—В–∞. –Т—Б–µ –Ї–Њ–Љ–∞–љ–і—Л —Б–Ї—А–Є–њ—В–∞ –Љ–Њ–ґ–љ–Њ –≤—Л–і–µ–ї–Є—В—М —Б –њ–Њ–Љ–Њ—Й—М—О
 []


Underfull \hbox (badness 3612) in paragraph at lines 415--426
[][][]\TU/Mont(0)/m/n/10 . –Ъ–∞–Ї —В–Њ–ї—М–Ї–Њ –≤—Л –Ј–∞–њ—Г—Б—В–Є—В–µ –Ї–Њ–Љ–∞–љ–і—Г (–Є–ї–Є –љ–µ—Б–Ї–Њ–ї—М–Ї–Њ –Ї–Њ–Љ–∞–љ–і),
 []


Underfull \hbox (badness 2126) in paragraph at lines 427--433
\TU/Mont(0)/m/n/10 –Є –Ї–∞–Ї —Б–њ–Њ—Б–Њ–± —Б–Њ—Е—А–∞–љ–µ–љ–Є—П –љ–∞–њ–Є—Б–∞–љ–љ–Њ–≥–Њ –Ї–Њ–і–∞ –і–ї—П –і–∞–ї—М–љ–µ–є—И–µ–є
 []


Overfull \hbox (12.90674pt too wide) in paragraph at lines 427--433
\TU/Mont(0)/m/n/10 –њ—А–Њ—Б—В–Њ —В–µ–Ї—Б—В–Њ–≤—Л–µ —Д–∞–є–ї—Л, –Ї–Њ—В–Њ—А—Л–µ –Љ–Њ–ґ–љ–Њ –Њ—В–Ї—А—Л—В—М –Є –Љ–Њ–і–Є—Д–Є—Ж–Є—А–Њ–≤–∞—В—М
 []


Underfull \hbox (badness 2762) in paragraph at lines 439--443
[]\TU/Mont(0)/b/n/10 4 - Plots and files\TU/Mont(0)/m/n/10 . –Ч–і–µ—Б—М –µ—Б—В—М –Њ—З–µ–љ—М –Љ–љ–Њ–≥–Њ –≤—Б–µ–≥–Њ. –Т–Њ-–њ–µ—А–≤—Л—Е,
 []


Underfull \hbox (badness 1242) in paragraph at lines 447--452
\TU/Mont(0)/m/n/10 R вАУ –њ–Њ–ї–љ–Њ—Ж–µ–љ–љ—Л–є —П–Ј—Л–Ї –њ—А–Њ–≥—А–∞–Љ–Љ–Є—А–Њ–≤–∞–љ–Є—П, –Ї–Њ—В–Њ—А—Л–є –њ–Њ–Ј–≤–Њ–ї—П–µ—В
 []


Overfull \hbox (4.0292pt too wide) in paragraph at lines 447--452
\TU/Mont(0)/m/n/10 —А–µ—И–∞—В—М —И–Є—А–Њ–Ї–Є–є —Б–њ–µ–Ї—В—А –Ј–∞–і–∞—З. –Э–Њ –≤ –њ–µ—А–≤—Г—О –Њ—З–µ—А–µ–і—М R –Є—Б–њ–Њ–ї—М–Ј—Г–µ—В—Б—П
 []

[9]
Missing character: There is no –і (U+0434) in font [lmmono10-regular]:!
Missing character: There is no –µ (U+0435) in font [lmmono10-regular]:!
Missing character: There is no –ї (U+043B) in font [lmmono10-regular]:!
Missing character: There is no –µ (U+0435) in font [lmmono10-regular]:!
Missing character: There is no –љ (U+043D) in font [lmmono10-regular]:!
Missing character: There is no –Є (U+0438) in font [lmmono10-regular]:!
Missing character: There is no –µ (U+0435) in font [lmmono10-regular]:!
Missing character: There is no —Б (U+0441) in font [lmmono10-regular]:!
Missing character: There is no —В (U+0442) in font [lmmono10-regular]:!
Missing character: There is no –µ (U+0435) in font [lmmono10-regular]:!
Missing character: There is no –њ (U+043F) in font [lmmono10-regular]:!
Missing character: There is no –µ (U+0435) in font [lmmono10-regular]:!
Missing character: There is no –љ (U+043D) in font [lmmono10-regular]:!
Missing character: There is no —М (U+044C) in font [lmmono10-regular]:!
Missing character: There is no —В (U+0442) in font [lmmono10-regular]:!
Missing character: There is no –Њ (U+043E) in font [lmmono10-regular]:!
Missing character: There is no –ґ (U+0436) in font [lmmono10-regular]:!
Missing character: There is no –µ (U+0435) in font [lmmono10-regular]:!
Missing character: There is no —А (U+0440) in font [lmmono10-regular]:!
Missing character: There is no –∞ (U+0430) in font [lmmono10-regular]:!
Missing character: There is no –± (U+0431) in font [lmmono10-regular]:!
Missing character: There is no –Њ (U+043E) in font [lmmono10-regular]:!
Missing character: There is no —В (U+0442) in font [lmmono10-regular]:!
Missing character: There is no –∞ (U+0430) in font [lmmono10-regular]:!
Missing character: There is no –µ (U+0435) in font [lmmono10-regular]:!
Missing character: There is no —В (U+0442) in font [lmmono10-regular]:!
Missing character: There is no —Ж (U+0446) in font [lmmono10-regular]:!
Missing character: There is no –µ (U+0435) in font [lmmono10-regular]:!
Missing character: There is no –ї (U+043B) in font [lmmono10-regular]:!
Missing character: There is no –Њ (U+043E) in font [lmmono10-regular]:!
Missing character: There is no —З (U+0447) in font [lmmono10-regular]:!
Missing character: There is no –Є (U+0438) in font [lmmono10-regular]:!
Missing character: There is no —Б (U+0441) in font [lmmono10-regular]:!
Missing character: There is no –ї (U+043B) in font [lmmono10-regular]:!
Missing character: There is no –µ (U+0435) in font [lmmono10-regular]:!
Missing character: There is no –љ (U+043D) in font [lmmono10-regular]:!
Missing character: There is no –љ (U+043D) in font [lmmono10-regular]:!
Missing character: There is no –Њ (U+043E) in font [lmmono10-regular]:!
Missing character: There is no –µ (U+0435) in font [lmmono10-regular]:!
Missing character: There is no –і (U+0434) in font [lmmono10-regular]:!
Missing character: There is no –µ (U+0435) in font [lmmono10-regular]:!
Missing character: There is no –ї (U+043B) in font [lmmono10-regular]:!
Missing character: There is no –µ (U+0435) in font [lmmono10-regular]:!
Missing character: There is no –љ (U+043D) in font [lmmono10-regular]:!
Missing character: There is no –Є (U+0438) in font [lmmono10-regular]:!
Missing character: There is no –µ (U+0435) in font [lmmono10-regular]:!
Missing character: There is no –Њ (U+043E) in font [lmmono10-regular]:!
Missing character: There is no —Б (U+0441) in font [lmmono10-regular]:!
Missing character: There is no —В (U+0442) in font [lmmono10-regular]:!
Missing character: There is no –∞ (U+0430) in font [lmmono10-regular]:!
Missing character: There is no —В (U+0442) in font [lmmono10-regular]:!
Missing character: There is no –Њ (U+043E) in font [lmmono10-regular]:!
Missing character: There is no –Ї (U+043A) in font [lmmono10-regular]:!
Missing character: There is no –Њ (U+043E) in font [lmmono10-regular]:!
Missing character: There is no —В (U+0442) in font [lmmono10-regular]:!
Missing character: There is no –і (U+0434) in font [lmmono10-regular]:!
Missing character: There is no –µ (U+0435) in font [lmmono10-regular]:!
Missing character: There is no –ї (U+043B) in font [lmmono10-regular]:!
Missing character: There is no –µ (U+0435) in font [lmmono10-regular]:!
Missing character: There is no –љ (U+043D) in font [lmmono10-regular]:!
Missing character: There is no –Є (U+0438) in font [lmmono10-regular]:!
Missing character: There is no —П (U+044F) in font [lmmono10-regular]:!

Underfull \hbox (badness 10000) in paragraph at lines 533--534
[]\TU/Mont(0)/m/n/10 –Я–Њ–њ—А–Њ–±—Г–є—В–µ —Б–∞–Љ–Њ—Б—В–Њ—П—В–µ–ї—М–љ–Њ –њ–Њ—Б—З–Є—В–∞—В—М —З—В–Њ-–љ–Є–±—Г–і—М —Б
 []

File: images/010-intro_meme_practical_cat.jpg Graphic file (type bmp)
<images/010-intro_meme_practical_cat.jpg>

Underfull \vbox (badness 5050) has occurred while \output is active []

[10]
Underfull \hbox (badness 10000) in paragraph at lines 539--540
[]\TU/Mont(0)/m/n/10 –Э–Є—З–µ–≥–Њ —Б–ї–Њ–ґ–љ–Њ–≥–Њ, –≤–µ—А–љ–Њ? –Т–≤–Њ–і–Є–Љ –≤—Л—А–∞–ґ–µ–љ–Є–µ –Є –њ–Њ–ї—Г—З–∞–µ–Љ
 []


Underfull \hbox (badness 10000) in paragraph at lines 545--553
[]\TU/Mont(0)/m/n/10 –Т—Л –Љ–Њ–≥–ї–Є –Ј–∞–Љ–µ—В–Є—В—М, —З—В–Њ –љ–µ–Ї–Њ—В–Њ—А—Л–µ –Ї–Њ–Љ–∞–љ–і—Л —Г –Љ–µ–љ—П
 []


Underfull \hbox (badness 10000) in paragraph at lines 545--553
\TU/Mont(0)/m/n/10 –Ј–∞–Ї–∞–љ—З–Є–≤–∞—О—В—Б—П –Ј–љ–∞–Ї–Њ–Љ —А–µ—И–µ—В–Ї–Є (\TU/lmtt/m/n/10 #\TU/Mont(0)/m/n/10 ). –Т—Б–µ, —З—В–Њ –љ–∞–њ–Є—Б–∞–љ–Њ
 []


Underfull \hbox (badness 10000) in paragraph at lines 545--553
\TU/Mont(0)/m/n/10 –≤ —Б—В—А–Њ—З–Ї–µ –њ–Њ—Б–ї–µ \TU/lmtt/m/n/10 # \TU/Mont(0)/m/n/10 –Є–≥–љ–Њ—А–Є—А—Г–µ—В—Б—П R –њ—А–Є –≤—Л–њ–Њ–ї–љ–µ–љ–Є–Є
 []


Underfull \hbox (badness 1205) in paragraph at lines 545--553
\TU/Mont(0)/m/n/10 –Ї–Њ–Љ–∞–љ–і—Л. –Э–∞–њ–Є—Б–∞–љ–љ—Л–µ –Ї–Њ–Љ–∞–љ–і—Л –≤ —Б–Ї—А–Є–њ—В–µ —А–µ–Ї–Њ–Љ–µ–љ–і—Г–µ—В—Б—П
 []


Underfull \hbox (badness 4366) in paragraph at lines 545--553
\TU/Mont(0)/m/n/10 —Б–Њ–њ—А–Њ–≤–Њ–ґ–і–∞—В—М –Ї–Њ–Љ–Љ–µ–љ—В–∞—А–Є—П–Љ–Є, –Ї–Њ—В–Њ—А—Л–µ –±—Г–і—Г—В –Њ–±—К—П—Б–љ—П—В—М
 []


Underfull \hbox (badness 10000) in paragraph at lines 545--553
\TU/Mont(0)/m/n/10 –≤–∞–Љ –ґ–µ –≤ –±—Г–і—Г—Й–µ–Љ (–Є–ї–Є –Ї–Њ–Љ—Г-—В–Њ –µ—Й–µ), —З—В–Њ –Ї–Њ–љ–Ї—А–µ—В–љ–Њ
 []


Underfull \hbox (badness 10000) in paragraph at lines 545--553
\TU/Mont(0)/m/n/10 –њ—А–Њ–Є—Б—Е–Њ–і–Є—В –≤ —Б–Њ–Њ—В–≤–µ—В—Б—В–≤—Г—О—Й–µ–Љ –Ї—Г—Б–Ї–µ –Ї–Њ–і–∞. –Т–Њ –≤—А–µ–Љ—П
 []


Underfull \hbox (badness 5985) in paragraph at lines 545--553
\TU/Mont(0)/m/n/10 –љ–∞–њ–Є—Б–∞–љ–Є—П –Ї–Њ–і–∞ –≤–∞–Љ –Љ–Њ–ґ–µ—В –Ї–∞–Ј–∞—В—М—Б—П –њ–Њ–љ—П—В–љ—Л–Љ —В–Њ, —З—В–Њ
 []


Underfull \hbox (badness 2837) in paragraph at lines 554--562
[]\TU/Mont(0)/m/n/10 –Т–њ—А–Њ—З–µ–Љ, —Б–∞–Љ–Њ–Њ—З–µ–≤–Є–і–љ—Л–µ –≤–µ—Й–Є –Ї–Њ–Љ–Љ–µ–љ—В–Є—А–Њ–≤–∞—В—М —В–Њ–ґ–µ –љ–µ
 []


Underfull \hbox (badness 2486) in paragraph at lines 554--562
\TU/Mont(0)/m/n/10 —Б—В–Њ–Є—В: –µ—Б–ї–Є –≤—Л –і–µ–ї–∞–µ—В–µ —З—В–Њ-—В–Њ, —З—В–Њ –њ–Њ–љ—П—В–љ–Њ –Є–Ј –љ–∞–Ј–≤–∞–љ–Є–є
 []


Underfull \hbox (badness 6268) in paragraph at lines 554--562
\TU/Mont(0)/m/n/10 —З—В–Њ –њ—А–Є–≤–Њ–і–Є—В –љ–∞—Б –Ї –њ–∞—А–∞–і–Њ–Ї—Б—Г: –≤ –Є–і–µ–∞–ї—М–љ–Њ–Љ –Ї–Њ–і–µ –љ–µ—В
 []


Underfull \hbox (badness 1681) in paragraph at lines 554--562
\TU/Mont(0)/m/n/10 –Є—Б–њ–Њ–ї—М–Ј–Њ–≤–∞—В—М –љ–µ–Њ—З–µ–≤–Є–і–љ—Л–µ —А–µ—И–µ–љ–Є—П вАФ –≤ —В–∞–Ї–Є—Е —Б–ї—Г—З–∞—П—Е –Є
 []


Underfull \hbox (badness 4792) in paragraph at lines 563--570
\TU/Mont(0)/m/n/10 –њ–Њ–ї–љ–Њ—Б—В—М—О –њ—А–µ–і—Л–і—Г—Й–Є–є –Ї–Њ–і: –і–Њ—Б—В–∞—В–Њ—З–љ–Њ ¬Ђ–Ј–∞–Ї–Њ–Љ–Љ–µ–љ—В–Є—В—М¬ї
 []


Underfull \hbox (badness 1796) in paragraph at lines 563--570
\TU/Mont(0)/m/n/10 –љ—Г–ґ–љ—Л–µ —Б—В—А–Њ—З–Ї–Є вАФ –њ–Њ—Б—В–∞–≤–Є—В—М \TU/lmtt/m/n/10 # \TU/Mont(0)/m/n/10 –≤ –љ–∞—З–∞–ї–Њ –Ї–∞–ґ–і–Њ–є —Б—В—А–Њ–Ї–Є,
 []


Underfull \hbox (badness 6094) in paragraph at lines 571--577
[]\TU/Mont(0)/m/n/10 –Х—Й—С –µ—Б—В—М –њ–Њ–ї–µ–Ј–љ–Њ–µ —Б–Њ—З–µ—В–∞–љ–Є–µ –Ї–ї–∞–≤–Є—И \TU/lmtt/m/n/10 Ctrl \TU/Mont(0)/m/n/10 + \TU/lmtt/m/n/10 Shift \TU/Mont(0)/m/n/10 + \TU/lmtt/m/n/10 R
 []


Underfull \hbox (badness 4805) in paragraph at lines 571--577
\TU/Mont(0)/m/n/10 (\TU/lmtt/m/n/10 Cmd \TU/Mont(0)/m/n/10 + \TU/lmtt/m/n/10 Shift \TU/Mont(0)/m/n/10 + \TU/lmtt/m/n/10 R \TU/Mont(0)/m/n/10 –љ–∞ macOS), –Ї–Њ—В–Њ—А–Њ–µ –Њ—В–Ї—А—Л–≤–∞–µ—В –Њ–Ї–Њ—И–Ї–Њ
 []


Underfull \hbox (badness 10000) in paragraph at lines 571--577
\TU/Mont(0)/m/n/10 –і–ї—П –≤–≤–Њ–і–∞ –љ–∞–Ј–≤–∞–љ–Є—П —А–∞–Ј–і–µ–ї–∞. –Я–Њ—Б–ї–µ —Н—В–Њ–≥–Њ –≤ —Б–Ї—А–Є–њ—В–µ
 []


Underfull \hbox (badness 1184) in paragraph at lines 571--577
\TU/Mont(0)/m/n/10 –Њ—В–і–µ–ї—П—О—Й–Є–є –±–ї–Њ–Ї–Є –Ї–Њ–і–∞ –і—А—Г–≥ –Њ—В –і—А—Г–≥–∞. –С–Њ–ї–µ–µ —В–Њ–≥–Њ, —В–∞–Ї–Є–µ
 []

[11] [12]
Underfull \hbox (badness 4699) in paragraph at lines 612--616
\TU/Mont(0)/m/n/10 –љ—Г–ґ–љ–Њ –њ—А–Њ–Є–Ј–≤–Њ–і–Є—В—М –Њ–њ–µ—А–∞—Ж–Є–Є. –Ш–ї–Є –ґ–µ —Б–Љ–Њ—В—А–Є—В–µ –љ–∞ —В–∞–±–ї–Є—Ж—Г
 []


Underfull \hbox (badness 5064) in paragraph at lines 620--623
\TU/Mont(0)/m/n/10 –Ф–∞–≤–∞–є—В–µ —В–µ–њ–µ—А—М –Є–Ј–≤–ї–µ—З–µ–Љ –Ї–Њ—А–µ–љ—М –Є–Ј –Ї–∞–Ї–Њ–≥–Њ-–љ–Є–±—Г–і—М —З–Є—Б–ї–∞. –Т
 []

Missing character: There is no –љ (U+043D) in font [lmmono10-regular]:!
Missing character: There is no –µ (U+0435) in font [lmmono10-regular]:!
Missing character: There is no –Њ (U+043E) in font [lmmono10-regular]:!
Missing character: There is no –ґ (U+0436) in font [lmmono10-regular]:!
Missing character: There is no –Є (U+0438) in font [lmmono10-regular]:!
Missing character: There is no –і (U+0434) in font [lmmono10-regular]:!
Missing character: There is no –∞ (U+0430) in font [lmmono10-regular]:!
Missing character: There is no –љ (U+043D) in font [lmmono10-regular]:!
Missing character: There is no –љ (U+043D) in font [lmmono10-regular]:!
Missing character: There is no —Л (U+044B) in font [lmmono10-regular]:!
Missing character: There is no –є (U+0439) in font [lmmono10-regular]:!

Underfull \hbox (badness 1867) in paragraph at lines 653--663
[]\TU/Mont(0)/m/n/10 –Р –≤–Њ—В –њ—А–Њ–±–µ–ї—Л –Љ–µ–ґ–і—Г —З–Є—Б–ї–∞–Љ–Є –Є –Њ–њ–µ—А–∞—В–Њ—А–Њ–Љ –љ–µ –≤–∞–ґ–љ—Л:
 []


Underfull \hbox (badness 3690) in paragraph at lines 653--663
\TU/Mont(0)/m/n/10 –Љ–Њ–ґ–µ—В–µ –Є—Е —Б—В–∞–≤–Є—В—М –≤ –ї—О–±–Њ–Љ –Ї–Њ–ї–Є—З–µ—Б—В–≤–µ –Є–ї–Є –≤–Њ–Њ–±—Й–µ –љ–µ
 []


Underfull \hbox (badness 1024) in paragraph at lines 653--663
\TU/Mont(0)/m/n/10 —Б—В–∞–≤–Є—В—М. –Ґ—Г—В –≤–∞–Љ –љ–µ Python, –≥–і–µ –љ–µ–њ—А–∞–≤–Є–ї—М–љ–Њ–µ –Ї–Њ–ї–Є—З–µ—Б—В–≤–Њ
 []


Underfull \hbox (badness 1748) in paragraph at lines 653--663
\TU/Mont(0)/m/n/10 –Њ—В—Б—В—Г–њ–Њ–≤ –њ—А–Є–≤–Њ–і–Є—В –Ї –Њ—И–Є–±–Ї–µ. –Т R –њ—А–Њ–±–µ–ї—Л –љ–µ –≤–∞–ґ–љ—Л, –љ–Њ
 []


Underfull \hbox (badness 5064) in paragraph at lines 653--663
\TU/Mont(0)/m/n/10 —А–µ–Ї–Њ–Љ–µ–љ–і–∞—Ж–Є–є, –Ї–Њ—В–Њ—А—Л–µ –Љ—Л –±—Г–і–µ–Љ –Є—Б–њ–Њ–ї—М–Ј–Њ–≤–∞—В—М –≤ —Н—В–Њ–Љ
 []


Underfull \hbox (badness 3579) in paragraph at lines 666--672
\TU/Mont(0)/m/n/10 —Б—А–∞–Ј—Г –њ–Њ—Б–ї–µ –љ–∞–Ј–≤–∞–љ–Є—П —Д—Г–љ–Ї—Ж–Є–Є. –Ь—Л –њ–Њ–і–∞–µ–Љ –љ–∞ –≤—Е–Њ–і (–≤–љ—Г—В—А—М
 []


Underfull \hbox (badness 4108) in paragraph at lines 666--672
\TU/Mont(0)/m/n/10 —Б–Ї–Њ–±–Њ—З–µ–Ї) –Ї–∞–Ї–Є–µ-—В–Њ –і–∞–љ–љ—Л–µ, –≤–љ—Г—В—А–Є —Н—В–Є—Е —Д—Г–љ–Ї—Ж–Є–є –њ—А–Њ–Є—Б—Е–Њ–і—П—В
 []

[13]
Underfull \hbox (badness 1546) in paragraph at lines 690--692
[]\TU/Mont(0)/m/n/10 R вАУ \TU/Mont(0)/b/n/10 —П–Ј—Л–Ї —Б —З—Г–≤—Б—В–≤–Є—В–µ–ї—М–љ–Њ—Б—В—М—О –Ї —А–µ–≥–Є—Б—В—А—Г \TU/Mont(0)/m/it/10 (case-sensitive
 []

Missing character: There is no –љ (U+043D) in font [lmmono10-regular]:!
Missing character: There is no –µ (U+0435) in font [lmmono10-regular]:!
Missing character: There is no –Љ (U+043C) in font [lmmono10-regular]:!
Missing character: There is no –Њ (U+043E) in font [lmmono10-regular]:!
Missing character: There is no –≥ (U+0433) in font [lmmono10-regular]:!
Missing character: There is no —Г (U+0443) in font [lmmono10-regular]:!
Missing character: There is no –љ (U+043D) in font [lmmono10-regular]:!
Missing character: There is no –∞ (U+0430) in font [lmmono10-regular]:!
Missing character: There is no –є (U+0439) in font [lmmono10-regular]:!
Missing character: There is no —В (U+0442) in font [lmmono10-regular]:!
Missing character: There is no –Є (U+0438) in font [lmmono10-regular]:!
Missing character: There is no —Д (U+0444) in font [lmmono10-regular]:!
Missing character: There is no —Г (U+0443) in font [lmmono10-regular]:!
Missing character: There is no –љ (U+043D) in font [lmmono10-regular]:!
Missing character: There is no –Ї (U+043A) in font [lmmono10-regular]:!
Missing character: There is no —Ж (U+0446) in font [lmmono10-regular]:!
Missing character: There is no –Є (U+0438) in font [lmmono10-regular]:!
Missing character: There is no —О (U+044E) in font [lmmono10-regular]:!

Underfull \hbox (badness 10000) in paragraph at lines 723--725
[]\TU/Mont(0)/m/n/10 –Ы–Њ–≥–∞—А–Є—Д–Љ вАУ –њ–Њ–Ї–∞–Ј–∞—В–µ–ї—М —Б—В–µ–њ–µ–љ–Є, –≤ –Ї–Њ—В–Њ—А—Г—О –љ–∞–і–Њ
 []


Underfull \hbox (badness 10000) in paragraph at lines 723--725
\TU/Mont(0)/m/n/10 –≤–Њ–Ј–≤–µ—Б—В–Є —З–Є—Б–ї–Њ, –љ–∞–Ј—Л–≤–∞–µ–Љ–Њ–µ –Њ—Б–љ–Њ–≤–∞–љ–Є–µ–Љ, —З—В–Њ–±—Л
 []

LaTeX Font Info:    Font shape `TU/Mont(1)/m/n' will be
(Font)              scaled to size 10.0pt on input line 729.
LaTeX Font Info:    Font shape `TU/Mont(1)/m/n' will be
(Font)              scaled to size 7.0pt on input line 729.
LaTeX Font Info:    Font shape `TU/Mont(1)/m/n' will be
(Font)              scaled to size 5.0pt on input line 729.

Underfull \hbox (badness 2644) in paragraph at lines 746--749
[]\TU/Mont(0)/m/n/10 –°–њ—А–∞–≤–∞ –≤–љ–Є–Ј—Г –≤ RStudio –њ–Њ—П–≤–Є—В—Б—П –≤–Њ—В —В–∞–Ї–Њ–µ –Њ–Ї–љ–Њ, –≤ –Ї–Њ—В–Њ—А–Њ–Љ
 []

[14]
File: images/010-intro_screen_use_help.png Graphic file (type bmp)
<images/010-intro_screen_use_help.png>

Underfull \hbox (badness 1147) in paragraph at lines 752--754
[]\TU/Mont(0)/m/n/10 –Ф—А—Г–≥–Њ–є —Б–њ–Њ—Б–Њ–± –≤—Л–Ј–≤–∞—В—М –і–Њ–Ї—Г–Љ–µ–љ—В–∞—Ж–Є—О –њ–Њ —Д—Г–љ–Ї—Ж–Є–Є вАУ –≤—Л–і–µ–ї–Є—В—М
 []


Underfull \hbox (badness 1371) in paragraph at lines 759--766
\TU/Mont(0)/m/n/10 –≤—Е–Њ–і–µ, —З—В–Њ –Њ–љ–∞ –і–µ–ї–∞–µ—В –Є —З—В–Њ –≤–Њ–Ј–≤—А–∞—Й–∞–µ—В. –Я–Њ–і—А–Њ–±–љ–µ–µ –њ—А–Њ
 []


Underfull \hbox (badness 1622) in paragraph at lines 774--782
[]\TU/Mont(0)/m/n/10 –Ф–µ–є—Б—В–≤–Є—В–µ–ї—М–љ–Њ, —Г —Д—Г–љ–Ї—Ж–Є–Є \TU/lmtt/m/n/10 log() \TU/Mont(0)/m/n/10 –µ—Б—В—М –µ—Й–µ –∞—А–≥—Г–Љ–µ–љ—В \TU/lmtt/m/n/10 base =\TU/Mont(0)/m/n/10 . –Я–Њ
 []


Underfull \hbox (badness 7649) in paragraph at lines 774--782
\TU/Mont(0)/m/n/10 —Г–Љ–Њ–ї—З–∞–љ–Є—О –Њ–љ —А–∞–≤–µ–љ —З–Є—Б–ї—Г –≠–є–ї–µ—А–∞ (2.7182818вА¶), —В.–µ. —Д—Г–љ–Ї—Ж–Є—П
 []


Underfull \hbox (badness 10000) in paragraph at lines 774--782
\TU/Mont(0)/m/n/10 —Н—В–Є –і–Њ–њ–Њ–ї–љ–Є—В–µ–ї—М–љ—Л–µ –∞—А–≥—Г–Љ–µ–љ—В—Л вАУ —Н—В–Њ –њ–∞—А–∞–Љ–µ—В—А—Л —Д—Г–љ–Ї—Ж–Є–Є,
 []

[15]
Underfull \hbox (badness 1688) in paragraph at lines 818--820
[]\TU/Mont(0)/m/n/10 –Х—Б–ї–Є —Н–Ї—Б–њ–ї–Є—Ж–Є—В–љ–Њ –њ–Є—Б–∞—В—М –Є–Љ–µ–љ–∞ –∞—А–≥—Г–Љ–µ–љ—В–Њ–≤, —В–Њ –Є—Е –њ–Њ—А—П–і–Њ–Ї –≤
 []


Underfull \hbox (badness 1748) in paragraph at lines 844--849
[]\TU/Mont(0)/m/n/10 –Ь—Л –µ—Й–µ –Љ–љ–Њ–≥–Њ —А–∞–Ј –±—Г–і–µ–Љ –≤–Њ–Ј–≤—А–∞—Й–∞—В—М—Б—П –Ї —Д—Г–љ–Ї—Ж–Є—П–Љ. –Т–Њ–Њ–±—Й–µ,
 []


Underfull \hbox (badness 1675) in paragraph at lines 844--849
\TU/Mont(0)/m/n/10 —Д—Г–љ–Ї—Ж–Є–Є –Ї–∞–Ї –∞—А–≥—Г–Љ–µ–љ—В—Л –і–ї—П —Д—Г–љ–Ї—Ж–Є–є –Є –Љ–љ–Њ–≥–Њ–µ-–Љ–љ–Њ–≥–Њ–µ –і—А—Г–≥–Њ–µ.
 []


Underfull \hbox (badness 1221) in paragraph at lines 844--849
\TU/Mont(0)/m/n/10 –Т R –Њ—З–µ–љ—М –Ї—А—Г—В—Л–µ –≤–Њ–Ј–Љ–Њ–ґ–љ–Њ—Б—В–Є —А–∞–±–Њ—В—Л —Б —Д—Г–љ–Ї—Ж–Є—П–Љ–Є. –Я–Њ—Н—В–Њ–Љ—Г
 []


Underfull \hbox (badness 10000) in paragraph at lines 869--872
[]\TU/Mont(0)/m/n/10 –≠—В–Њ –љ–µ –Њ—З–µ–љ—М —З–Є—В–∞–µ–Љ–∞—П –Ј–∞–њ–Є—Б—М, –Ї–Њ–љ–µ—З–љ–Њ, –њ–Њ—Н—В–Њ–Љ—Г
 []


Underfull \hbox (badness 7540) in paragraph at lines 869--872
\TU/Mont(0)/m/n/10 –Є—Б–њ–Њ–ї—М–Ј–Њ–≤–∞—В—М —В–∞–Ї –Њ–±—Л—З–љ–Њ –љ–µ —А–µ–Ї–Њ–Љ–µ–љ–і—Г–µ—В—Б—П: –Љ—Л —Е–Њ—В–Є–Љ,
 []

[16]
File: images/010-intro_meme_doctors_googling.jpg Graphic file (type bmp)
<images/010-intro_meme_doctors_googling.jpg>
LaTeX Font Info:    Font shape `TU/Mont(1)/m/n' will be
(Font)              scaled to size 8.0pt on input line 894.
LaTeX Font Info:    Font shape `TU/Mont(1)/m/n' will be
(Font)              scaled to size 6.0pt on input line 894.
LaTeX Font Info:    Font shape `TU/Mont(0)/m/it' will be
(Font)              scaled to size 8.0pt on input line 894.
File: images/010-intro_copypaste_stack.png Graphic file (type bmp)
<images/010-intro_copypaste_stack.png>
File: images/010-intro_meme_copypaste_lazy.jpg Graphic file (type bmp)
<images/010-intro_meme_copypaste_lazy.jpg>
[17]
Underfull \vbox (badness 10000) has occurred while \output is active []

[18]
Overfull \hbox (12.42007pt too wide) in paragraph at lines 906--909
[]\TU/Mont(0)/m/n/10 –У–ї–∞–≤–љ–Њ–µ, –њ–Њ–Љ–љ–Є—В–µ: –Ј–∞–≥—Г–≥–ї–Є—В—М —А–∞–±–Њ—В–∞—О—Й–Є–є –Њ—В–≤–µ—В –≤—Б–µ–≥–і–∞ –љ–µ–і–Њ—Б—В–∞—В–Њ—З–љ–Њ.
 []


Underfull \hbox (badness 3240) in paragraph at lines 906--909
\TU/Mont(0)/m/n/10 –Э–∞–і–Њ –њ–Њ–љ—П—В—М, –Ї–∞–Ї –Є –њ–Њ—З–µ–Љ—Г —А–µ—И–µ–љ–Є–µ —А–∞–±–Њ—В–∞–µ—В. –Ш–љ–∞—З–µ —З—В–Њ-—В–Њ
 []

File: images/010-intro_googling_twitter.png Graphic file (type bmp)
<images/010-intro_googling_twitter.png>

Overfull \hbox (132.01118pt too wide) in paragraph at lines 919--920
[][] 
 []


Underfull \vbox (badness 10000) has occurred while \output is active []

[19]
Underfull \hbox (badness 10000) in paragraph at lines 950--954
[]\TU/Mont(0)/m/n/10 –Ч–∞–Љ–µ—В—М—В–µ, –њ—А–Є –њ—А–Є—Б–≤–Њ–µ–љ–Є–Є —А–µ–Ј—Г–ї—М—В–∞—В –≤—Л—З–Є—Б–ї–µ–љ–Є—П –љ–µ
 []


Underfull \hbox (badness 5592) in paragraph at lines 950--954
\TU/Mont(0)/m/n/10 –≤—Л–≤–Њ–і–Є—В—Б—П –≤ –Ї–Њ–љ—Б–Њ–ї—М! –Х—Б–ї–Є –Њ–њ—Г—Б—В–Є—В—М –і–µ—В–∞–ї–Є, —В–Њ –Њ–±—Л—З–љ–Њ
 []


Underfull \hbox (badness 10000) in paragraph at lines 955--957
[]\TU/Mont(0)/m/n/10 –І—В–Њ–±—Л –≤—Л–≤–µ—Б—В–Є –≤ –Ї–Њ–љ—Б–Њ–ї—М —Б–Њ–і–µ—А–ґ–∞–љ–Є–µ —Б—Г—Й–µ—Б—В–≤—Г—О—Й–µ–є
 []

[20]
Underfull \hbox (badness 5652) in paragraph at lines 975--975
[][][]\TU/Mont(0)/m/n/8 –Х—Б—В—М –µ—Й–µ –Њ–њ–µ—А–∞—В–Њ—А \TU/lmtt/m/n/8 ->\TU/Mont(0)/m/n/8 , –Ї–Њ—В–Њ—А—Л–є –њ–Њ–Ј–≤–Њ–ї—П–µ—В –њ—А–Є—Б–≤–∞–Є–≤–∞—В—М –Ј–љ–∞—З–µ–љ–Є—П —Б–ї–µ–≤–∞
 []


Underfull \hbox (badness 7595) in paragraph at lines 970--976
\TU/Mont(0)/m/n/10 –Є–ї–Є –ґ–µ –Ї–∞–Ї–Њ–µ-—В–Њ –≤—Л—А–∞–ґ–µ–љ–Є–µ, —А–µ–Ј—Г–ї—М—В–∞—В –Ї–Њ—В–Њ—А–Њ–≥–Њ –≤—Л —Е–Њ—В–Є—В–µ
 []


Underfull \hbox (badness 10000) in paragraph at lines 983--984
[]\TU/Mont(0)/b/it/10 Advanced: \TU/Mont(0)/b/n/10 —Б–Є–љ—В–∞–Ї—Б–Є—З–µ—Б–Ї–Є –≤–∞–ї–Є–і–љ—Л–µ –Є–Љ–µ–љ–∞ –і–ї—П
 []


Underfull \hbox (badness 1558) in paragraph at lines 985--992
[]\TU/Mont(0)/m/n/10 –Х—Б—В—М –љ–µ—Б–Ї–Њ–ї—М–Ї–Њ –Њ–≥—А–∞–љ–Є—З–µ–љ–Є–є –і–ї—П —Б–Є–љ—В–∞–Ї—Б–Є—З–µ—Б–Ї–Є –≤–∞–ї–Є–і–љ—Л—Е
 []


Underfull \hbox (badness 2941) in paragraph at lines 985--992
\TU/lmtt/m/n/10 . \TU/Mont(0)/m/n/10 –Є–ї–Є \TU/lmtt/m/n/10 _\TU/Mont(0)/m/n/10 , –љ–∞—З–Є–љ–∞—В—М—Б—П –љ–∞ –±—Г–Ї–≤—Г (–Є–ї–Є —В–Њ—З–Ї—Г, –Ј–∞ –Ї–Њ—В–Њ—А–Њ–є –љ–µ
 []


Underfull \hbox (badness 10000) in paragraph at lines 999--1001
[]\TU/Mont(0)/m/n/10 –Э–∞ —Б–∞–Љ–Њ–Љ –і–µ–ї–µ, –Љ–Њ–ґ–љ–Њ —Б–Њ–Ј–і–∞–≤–∞—В—М –њ–µ—А–µ–Љ–µ–љ–љ—Л–µ —Б
 []


Underfull \hbox (badness 1286) in paragraph at lines 999--1001
\TU/Mont(0)/m/n/10 –љ–µ–≤–∞–ї–Є–і–љ—Л–Љ–Є –Є–Љ–µ–љ–∞–Љ–Є. –Ґ–∞–Ї–Є–µ –љ–∞–Ј–≤–∞–љ–Є—П –љ—Г–ґ–љ–Њ –Њ–±—А–∞–Љ–ї—П—В—М
 []

Missing character: There is no –° (U+0421) in font [lmmono10-regular]:!
Missing character: There is no –Ы (U+041B) in font [lmmono10-regular]:!
Missing character: There is no –Ю (U+041E) in font [lmmono10-regular]:!
Missing character: There is no –Т (U+0412) in font [lmmono10-regular]:!
Missing character: There is no –Э (U+041D) in font [lmmono10-regular]:!
Missing character: There is no –Ю (U+041E) in font [lmmono10-regular]:!
Missing character: There is no –° (U+0421) in font [lmmono10-regular]:!
Missing character: There is no –Ы (U+041B) in font [lmmono10-regular]:!
Missing character: There is no –Ю (U+041E) in font [lmmono10-regular]:!
Missing character: There is no –Т (U+0412) in font [lmmono10-regular]:!
Missing character: There is no –Э (U+041D) in font [lmmono10-regular]:!
Missing character: There is no –Ю (U+041E) in font [lmmono10-regular]:!

LaTeX Warning: Reference `sec-df' on page 21 undefined on input line 1014.


Underfull \hbox (badness 2707) in paragraph at lines 1013--1016
[]\TU/Mont(0)/m/n/10 –≠—В–Њ –ґ–µ –Њ—В–љ–Њ—Б–Є—В—Б—П –Є –Ї –і—А—Г–≥–Є–Љ –Є–Љ–µ–љ–∞–Љ –≤ R, –љ–∞–њ—А–Є–Љ–µ—А, –Ї
 []

LaTeX Font Info:    Font shape `TU/Mont(0)/m/it' will be
(Font)              scaled to size 7.0pt on input line 1028.
LaTeX Font Info:    Font shape `TU/Mont(0)/m/it' will be
(Font)              scaled to size 6.0pt on input line 1030.

Underfull \hbox (badness 1895) in paragraph at lines 1030--1030
[][][]\TU/Mont(0)/m/n/8 –Х—Й–µ –Є–љ–Њ–≥–і–∞ –Є—Б–њ–Њ–ї—М–Ј—Г—О—В—Б—П –±–Њ–ї—М—И–Є–µ –±—Г–Ї–≤—Л \TU/lmtt/m/n/8 SomeVariable\TU/Mont(0)/m/n/8 , –љ–Њ —Н—В–Њ –њ–ї–Њ—Е–Њ
 []


Underfull \hbox (badness 1009) in paragraph at lines 1023--1031
\TU/Mont(0)/m/n/10 —Б–Њ—Е—А–∞–љ–Є—В –≤–∞–Љ –Њ—З–µ–љ—М –Љ–љ–Њ–≥–Њ –≤—А–µ–Љ–µ–љ–Є, –Ї–Њ–≥–і–∞ –≤—Л (–Є–ї–Є –Ї—В–Њ-—В–Њ
 []


Underfull \hbox (badness 1226) in paragraph at lines 1023--1031
\TU/Mont(0)/m/n/10 –Є–Ј –љ–µ—Б–Ї–Њ–ї—М–Ї–Є—Е —Б–ї–Њ–≤, —В–Њ –ї—Г—З—И–µ –≤—Б–µ–≥–Њ –Є—Б–њ–Њ–ї—М–Ј–Њ–≤–∞—В—М –љ–Є–ґ–љ–µ–µ
 []

[21]
Overfull \hbox (5.01004pt too wide) in paragraph at lines 1034--1036
[]\TU/Mont(0)/m/n/10 –Я–Њ—Б–ї–µ –њ—А–Є—Б–≤–Њ–µ–љ–Є—П –њ–µ—А–µ–Љ–µ–љ–љ–∞—П –њ–Њ—П–≤–ї—П–µ—В—Б—П –≤–Њ –≤–Ї–ї–∞–і–Ї–µ \TU/Mont(0)/b/n/10 Environment
 []

File: images/010-intro_env.png Graphic file (type bmp)
<images/010-intro_env.png>

Overfull \hbox (6.41675pt too wide) in paragraph at lines 1039--1040
[]\TU/Mont(0)/m/n/10 –Ґ–µ–њ–µ—А—М –Є—Б–њ–Њ–ї—М–Ј–Њ–≤–∞—В—М –њ–µ—А–µ–Љ–µ–љ–љ—Л–µ –≤ —Д—Г–љ–Ї—Ж–Є—П—Е –Є –њ—А–Њ—Б—В–Њ –≤—Л—З–Є—Б–ї–µ–љ–Є—П—Е: 
 []

[22]
Missing character: There is no –њ (U+043F) in font [lmmono10-regular]:!
Missing character: There is no –µ (U+0435) in font [lmmono10-regular]:!
Missing character: There is no —А (U+0440) in font [lmmono10-regular]:!
Missing character: There is no –µ (U+0435) in font [lmmono10-regular]:!
Missing character: There is no –Љ (U+043C) in font [lmmono10-regular]:!
Missing character: There is no –µ (U+0435) in font [lmmono10-regular]:!
Missing character: There is no –љ (U+043D) in font [lmmono10-regular]:!
Missing character: There is no –љ (U+043D) in font [lmmono10-regular]:!
Missing character: There is no –Њ (U+043E) in font [lmmono10-regular]:!
Missing character: There is no –є (U+0439) in font [lmmono10-regular]:!
Missing character: There is no –± (U+0431) in font [lmmono10-regular]:!
Missing character: There is no –Њ (U+043E) in font [lmmono10-regular]:!
Missing character: There is no –ї (U+043B) in font [lmmono10-regular]:!
Missing character: There is no —М (U+044C) in font [lmmono10-regular]:!
Missing character: There is no —И (U+0448) in font [lmmono10-regular]:!
Missing character: There is no –µ (U+0435) in font [lmmono10-regular]:!
Missing character: There is no –љ (U+043D) in font [lmmono10-regular]:!
Missing character: There is no –µ (U+0435) in font [lmmono10-regular]:!
Missing character: There is no —В (U+0442) in font [lmmono10-regular]:!
Missing character: There is no –≤ (U+0432) in font [lmmono10-regular]:!
Missing character: There is no –Њ (U+043E) in font [lmmono10-regular]:!
Missing character: There is no –Ј (U+0437) in font [lmmono10-regular]:!
Missing character: There is no –≤ (U+0432) in font [lmmono10-regular]:!
Missing character: There is no —А (U+0440) in font [lmmono10-regular]:!
Missing character: There is no –∞ (U+0430) in font [lmmono10-regular]:!
Missing character: There is no —Й (U+0449) in font [lmmono10-regular]:!
Missing character: There is no –∞ (U+0430) in font [lmmono10-regular]:!
Missing character: There is no –µ (U+0435) in font [lmmono10-regular]:!
Missing character: There is no —В (U+0442) in font [lmmono10-regular]:!
Missing character: There is no –Њ (U+043E) in font [lmmono10-regular]:!
Missing character: There is no —И (U+0448) in font [lmmono10-regular]:!
Missing character: There is no –Є (U+0438) in font [lmmono10-regular]:!
Missing character: There is no –± (U+0431) in font [lmmono10-regular]:!
Missing character: There is no –Ї (U+043A) in font [lmmono10-regular]:!
Missing character: There is no —Г (U+0443) in font [lmmono10-regular]:!
Missing character: There is no –Њ (U+043E) in font [lmmono10-regular]:!
Missing character: There is no –± (U+0431) in font [lmmono10-regular]:!
Missing character: There is no —К (U+044A) in font [lmmono10-regular]:!
Missing character: There is no –µ (U+0435) in font [lmmono10-regular]:!
Missing character: There is no –Ї (U+043A) in font [lmmono10-regular]:!
Missing character: There is no —В (U+0442) in font [lmmono10-regular]:!
Missing character: There is no –љ (U+043D) in font [lmmono10-regular]:!
Missing character: There is no –µ (U+0435) in font [lmmono10-regular]:!
Missing character: There is no –љ (U+043D) in font [lmmono10-regular]:!
Missing character: There is no –∞ (U+0430) in font [lmmono10-regular]:!
Missing character: There is no –є (U+0439) in font [lmmono10-regular]:!
Missing character: There is no –і (U+0434) in font [lmmono10-regular]:!
Missing character: There is no –µ (U+0435) in font [lmmono10-regular]:!
Missing character: There is no –љ (U+043D) in font [lmmono10-regular]:!

Underfull \hbox (badness 1270) in paragraph at lines 1101--1103
[]\TU/Mont(0)/m/n/10 –Ч–∞–Љ–µ—В—М—В–µ, —З—В–Њ —Б—А–∞–≤–љ–Є–≤–∞—П –і–≤–µ –њ–µ—А–µ–Љ–µ–љ–љ—Л–µ –Љ—Л –Є—Б–њ–Њ–ї—М–Ј—Г–µ–Љ –і–≤–∞
 []

File: images/010-intro_robots.jpg Graphic file (type bmp)
<images/010-intro_robots.jpg>

Underfull \vbox (badness 10000) has occurred while \output is active []

[23]
Underfull \hbox (badness 2913) in paragraph at lines 1154--1156
[]\TU/Mont(0)/m/n/10 –Т–Њ—Б–Ї–ї–Є—Ж–∞—В–µ–ї—М–љ—Л–є –Ј–љ–∞–Ї –≤ –њ—А–Њ–≥—А–∞–Љ–Љ–Є—А–Њ–≤–∞–љ–Є–Є –≤–Њ–Њ–±—Й–µ –Є –≤ R –≤
 []

[24]
LaTeX Font Info:    Font shape `TU/Mont(0)/b/n' will be
(Font)              scaled to size 12.0pt on input line 1206.

Underfull \hbox (badness 2173) in paragraph at lines 1208--1217
\TU/Mont(0)/m/n/10 –Ф–Њ —Н—В–Њ–≥–Њ –Љ–Њ–Љ–µ–љ—В–∞ –Љ—Л —А–∞–±–Њ—В–∞–ї–Є —В–Њ–ї—М–Ї–Њ —Б \TU/Mont(0)/b/it/10 —З–Є—Б–ї–∞–Љ–Є (numeric).
 []


Overfull \hbox (33.33083pt too wide) in paragraph at lines 1208--1217
\TU/Mont(0)/b/n/10 (–і—А–Њ–±–љ—Л–µ), \TU/Mont(0)/b/it/10 complex \TU/Mont(0)/b/n/10 (–Ї–Њ–Љ–њ–ї–µ–Ї—Б–љ—Л–µ —З–Є—Б–ї–∞)[][][]\TU/Mont(0)/m/n/10 . R —Б–∞–Љ –±—Г–і–µ—В –Ї–Њ–љ–≤–µ—А—В–Є—А–Њ–≤–∞—В—М
 []


Underfull \hbox (badness 5147) in paragraph at lines 1218--1224
[]\TU/Mont(0)/m/n/10 –Э–∞–Ј–≤–∞–љ–Є–µ \TU/Mont(0)/b/it/10 numeric \TU/Mont(0)/m/n/10 –љ–µ–Љ–љ–Њ–≥–Њ –Ј–∞–њ—Г—В–∞–љ–љ–Њ–µ: –Њ–љ–Њ –Њ–±–Њ–Ј–љ–∞—З–∞–µ—В –Ї–∞–Ї
 []


Underfull \hbox (badness 6708) in paragraph at lines 1233--1237
[]\TU/Mont(0)/m/n/10 –Х—Б–ї–Є —З–Є—Б–ї–Њ –≤—Л–≥–ї—П–і–Є—В –Ї–∞–Ї —Ж–µ–ї–Њ–µ, –µ—Й–µ –љ–µ —Д–∞–Ї—В, —З—В–Њ —Н—В–Њ
 []


Underfull \hbox (badness 1102) in paragraph at lines 1233--1237
\TU/Mont(0)/m/n/10 —П —Г–ґ–µ –љ–∞–њ–Є—Б–∞–ї, —Н—В–Њ –Њ–±—Л—З–љ–Њ –љ–µ —В–∞–Ї –≤–∞–ґ–љ–Њ. –Э–Њ –µ—Б–ї–Є –Њ—З–µ–љ—М
 []

[25]
Underfull \hbox (badness 4981) in paragraph at lines 1290--1297
\TU/Mont(0)/m/n/10 –Є—Е —А–∞–Ј–љ–Є—Ж—Л —Б —З–Є—Б—В—Л–Љ –Ї—А—Г–≥–ї—Л–Љ –љ—Г–ї–µ–Љ, –∞ —Б–Њ–њ–Њ—Б—В–∞–≤–ї–µ–љ–Є–µ
 []


Underfull \hbox (badness 10000) in paragraph at lines 1290--1297
\TU/Mont(0)/m/n/10 —Б –Њ—З–µ–љ—М –Љ–∞–ї–µ–љ—М–Ї–Є–Љ —З–Є—Б–ї–Њ–Љ вАУ \TU/Mont(0)/b/n/10 –Љ–∞—И–Є–љ–љ–Њ–є –Њ—И–Є–±–Ї–Њ–є \TU/Mont(0)/m/n/10 –Є–ї–Є
 []


Underfull \hbox (badness 10000) in paragraph at lines 1290--1297
\TU/Mont(0)/b/n/10 –Љ–∞—И–Є–љ–љ—Л–Љ —Н–њ—Б–Є–ї–Њ–љ–Њ–Љ \TU/Mont(0)/b/it/10 (machine epsilon). \TU/Mont(0)/m/n/10 –Х—Б–ї–Є —А–∞–Ј–љ–Є—Ж–∞
 []


Underfull \hbox (badness 1117) in paragraph at lines 1290--1297
\TU/Mont(0)/m/n/10 –Љ–µ–ґ–і—Г –і–≤—Г–Љ—П –і—А–Њ–±–љ—Л–Љ–Є —З–Є—Б–ї–∞–Љ–Є –Љ–µ–љ—М—И–µ —Н—В–Њ–≥–Њ —Н–њ—Б–Є–ї–Њ–љ–∞,
 []


Underfull \hbox (badness 3460) in paragraph at lines 1290--1297
\TU/Mont(0)/m/n/10 —В–Њ —З–Є—Б–ї–∞ —Б—З–Є—В–∞—О—В—Б—П —А–∞–≤–љ—Л–Љ–Є. –Х—Б–ї–Є –≤—Л—Е–Њ–і—П—В –Ј–∞ –њ—А–µ–і–µ–ї—Л
 []


Underfull \hbox (badness 1072) in paragraph at lines 1290--1297
\TU/Mont(0)/m/n/10 —Н—В–Њ–є –Њ—И–Є–±–Ї–Є, —В–Њ –љ–µ—В. –†–∞–Ј–Љ–µ—А –Љ–∞—И–Є–љ–љ–Њ–≥–Њ —Н–њ—Б–Є–ї–Њ–љ–∞ –Љ–Њ–ґ–љ–Њ
 []


Underfull \hbox (badness 6493) in paragraph at lines 1298--1303
\TU/Mont(0)/m/n/10 вАЬ–≤—Л–њ—А—Л–≥–Є–≤–∞—О—ВвАЭ –Ј–∞ —А–∞–Љ–Ї–Є —Н—В–Њ–є –Њ—И–Є–±–Ї–Є, –Њ—В—Б—О–і–∞ –Є —В–∞–Ї–Њ–µ
 []


Underfull \hbox (badness 2310) in paragraph at lines 1317--1320
[]\TU/Mont(0)/m/n/10 –Х—Й–µ –Њ–і–Є–љ –њ—А–Є–Љ–µ—А –љ–µ–Њ–±—Л—З–љ–Њ–≥–Њ –њ–Њ–≤–µ–і–µ–љ–Є—П –і—А–Њ–±–љ—Л—Е —З–Є—Б–µ–ї,
 []


Underfull \hbox (badness 4940) in paragraph at lines 1334--1339
\TU/Mont(0)/m/n/10 –љ—Г–ґ–љ–Њ –љ–∞–њ–µ—З–∞—В–∞—В—М –Њ—З–µ–љ—М –Љ–∞–ї–µ–љ—М–Ї–Њ–µ –Є–ї–Є –Њ—З–µ–љ—М –±–Њ–ї—М—И–Њ–µ
 []


Underfull \hbox (badness 1824) in paragraph at lines 1334--1339
\TU/Mont(0)/m/n/10 –Ї–Њ–Љ–њ—М—О—В–µ—А–∞—Е, —В–∞–Ї –Є –≤–Њ –Љ–љ–Њ–≥–Є—Е –љ–∞—Г–Ї–∞—Е, —В–∞–Ї —З—В–Њ —З–Є—В–∞—В—М –µ–µ
 []

Missing character: There is no –µ (U+0435) in font [lmmono10-regular]:!
Missing character: There is no –µ (U+0435) in font [lmmono10-regular]:!

Underfull \hbox (badness 2753) in paragraph at lines 1346--1353
\TU/Mont(0)/m/n/10 –Љ–µ–љ—П–µ—В –њ–Њ–≥–Њ–і—Л, –њ–Њ—Н—В–Њ–Љ—Г –Ї–Њ–≥–і–∞ –≤–Є–і–Є—В–µ —З–Є—Б–ї–Њ —Б \TU/lmtt/m/n/10 –µ-\TU/Mont(0)/m/n/10 , –љ—Г–ґ–љ–Њ
 []


Underfull \hbox (badness 10000) in paragraph at lines 1364--1367
[]\TU/Mont(0)/m/n/10 –≠—В–∞ –Љ–∞–ї–µ–љ—М–Ї–∞—П –і—А–Њ–±–љ–∞—П —З–∞—Б—В—М –≤–Њ–Ј–љ–Є–Ї–ї–∞ –Є–Ј-–Ј–∞ —Н—В–Њ–є
 []


Underfull \hbox (badness 2318) in paragraph at lines 1364--1367
\TU/Mont(0)/m/n/10 вАЬ–љ–µ—В–Њ—З–љ–Њ—Б—В–ЄвАЭ —Е—А–∞–љ–µ–љ–Є—П –і—А–Њ–±–љ—Л—Е —З–Є—Б–µ–ї –Є —Б–∞–Љ–Њ–≥–Њ —З–Є—Б–ї–∞ $[]$
 []


Underfull \hbox (badness 10000) in paragraph at lines 1368--1370
[]\TU/Mont(0)/m/n/10 –Р–љ–∞–ї–Њ–≥–Є—З–љ–Њ –Љ–∞–ї–µ–љ—М–Ї–Є–Љ —З–Є—Б–ї–∞–Љ, R –Є—Б–њ–Њ–ї—М–Ј—Г–µ—В
 []


Underfull \hbox (badness 1019) in paragraph at lines 1368--1370
\TU/Mont(0)/m/n/10 —Н–Ї—Б–њ–Њ–љ–µ–љ—Ж–Є–∞–ї—М–љ—Г—О –Ј–∞–њ–Є—Б—М, –Ї–Њ–≥–і–∞ –љ—Г–ґ–љ–Њ –љ–∞–њ–µ—З–∞—В–∞—В—М –Њ—З–µ–љ—М
 []


Underfull \hbox (badness 1584) in paragraph at lines 1381--1384
[]\TU/Mont(0)/m/n/10 –Ю–±—А–∞—В–Є—В–µ –≤–љ–Є–Љ–∞–љ–Є–µ, —З—В–Њ –Ј–і–µ—Б—М —Г –љ–∞—Б \TU/lmtt/m/n/10 e+12\TU/Mont(0)/m/n/10 , –∞ –љ–µ \TU/lmtt/m/n/10 e-12\TU/Mont(0)/m/n/10 , —З—В–Њ
 []


Underfull \hbox (badness 10000) in paragraph at lines 1395--1398
[]\TU/Mont(0)/m/n/10 –Ю–њ—П—В—М –ґ–µ, \TU/lmtt/m/n/10 1.099512 \TU/Mont(0)/m/n/10 вАУ —Н—В–Њ —В–Њ–ї—М–Ї–Њ –њ–µ—А–≤—Л–µ —Ж–Є—Д—А—Л, –≤
 []


Underfull \hbox (badness 10000) in paragraph at lines 1395--1398
\TU/Mont(0)/m/n/10 –љ—Г–ґ–љ–Њ —Б–љ–∞—З–∞–ї–∞ –љ–∞ —Б—В–µ–њ–µ–љ—М (\TU/lmtt/m/n/10 e+12\TU/Mont(0)/m/n/10 ), —В–Њ–ї—М–Ї–Њ –њ–Њ—В–Њ–Љ вАУ –љ–∞
 []


Underfull \vbox (badness 10000) has occurred while \output is active []

[26] [27]
Underfull \hbox (badness 10000) in paragraph at lines 1404--1407
\TU/Mont(0)/b/n/10 –°—В—А–Њ–Ї–Њ–≤—Л–µ \TU/Mont(0)/b/it/10 (character) \TU/Mont(0)/m/n/10 –і–∞–љ–љ—Л–µ вАУ —Н—В–Њ –љ–∞–±–Њ—А –±—Г–Ї–≤, —Ж–Є—Д—А –Є
 []

Missing character: There is no –